{"/Library/WebServer/Documents/widget/src/build.js":{"path":"/Library/WebServer/Documents/widget/src/build.js","s":{"1":1,"2":1,"3":1,"4":2,"5":14,"6":14,"7":14,"8":14,"9":14,"10":14,"11":1,"12":2,"13":2,"14":2,"15":0,"16":2,"17":1,"18":1,"19":1,"20":1,"21":1,"22":1,"23":2,"24":0,"25":1,"26":1,"27":1,"28":1,"29":0,"30":1,"31":1,"32":13,"33":13,"34":13,"35":13,"36":13,"37":13,"38":13,"39":13,"40":13,"41":13,"42":13,"43":13,"44":13,"45":13,"46":13,"47":13,"48":13,"49":13,"50":2,"51":2,"52":0,"53":2,"54":2,"55":2,"56":2,"57":2,"58":2,"59":2,"60":2,"61":2,"62":2,"63":50,"64":2,"65":2,"66":2,"67":2,"68":2,"69":2,"70":13,"71":13,"72":13,"73":13,"74":13,"75":13,"76":13,"77":13,"78":12,"79":12,"80":12,"81":12,"82":12,"83":0,"84":12,"85":0,"86":12,"87":12,"88":12,"89":12,"90":12,"91":12,"92":12,"93":12,"94":1,"95":1,"96":12,"97":12,"98":12,"99":12,"100":12,"101":12,"102":12,"103":12,"104":12,"105":12,"106":12,"107":12,"108":12,"109":4,"110":4,"111":4,"112":4,"113":4,"114":4,"115":2,"116":2,"117":2,"118":0,"119":2,"120":0,"121":0,"122":0,"123":0,"124":2,"125":2,"126":2,"127":2,"128":2,"129":2,"130":2,"131":2,"132":2,"133":2,"134":2,"135":1,"136":2,"137":2,"138":2,"139":2,"140":2,"141":2,"142":2,"143":1,"144":1,"145":1,"146":1,"147":1,"148":1,"149":1,"150":1,"151":1,"152":1,"153":128,"154":128,"155":114,"156":128,"157":14,"158":14,"159":14,"160":0,"161":14,"162":14,"163":14,"164":14,"165":2,"166":12,"167":13,"168":13,"169":2,"170":2,"171":2,"172":2,"173":2,"174":1,"175":4,"176":4,"177":2,"178":2,"179":2,"180":2,"181":4,"182":2,"183":2,"184":2,"185":2,"186":2,"187":2,"188":6,"189":2,"190":2,"191":2,"192":2,"193":2,"194":2,"195":2,"196":2,"197":2,"198":2,"199":2,"200":2,"201":2,"202":1,"203":0,"204":1,"205":1,"206":0,"207":1,"208":1,"209":1,"210":1,"211":1},"b":{"1":[14,14],"2":[14,0],"3":[2,0],"4":[0,2],"5":[0,1],"6":[1,1],"7":[0,2],"8":[13,5],"9":[2,1],"10":[0,2],"11":[2,0],"12":[1,12],"13":[13,12],"14":[12,1],"15":[13,13],"16":[0,12],"17":[0,12],"18":[12,0],"19":[2,2],"20":[0,2],"21":[2,0],"22":[0,2],"23":[2,0],"24":[1,1],"25":[114,14],"26":[12,2],"27":[14,2],"28":[0,14],"29":[2,12],"30":[14,12],"31":[0,13],"32":[13,13],"33":[2,2],"34":[2,2],"35":[2,0],"36":[2,0],"37":[1,1],"38":[0,1],"39":[1,0]},"f":{"1":1,"2":2,"3":2,"4":1,"5":2,"6":0,"7":1,"8":13,"9":13,"10":2,"11":50,"12":13,"13":12,"14":4,"15":2,"16":2,"17":2,"18":128,"19":14,"20":13,"21":2,"22":4,"23":6,"24":2,"25":2},"fnMap":{"1":{"name":"(anonymous_1)","line":0,"loc":{"start":{"line":0,"column":0},"end":{"line":0,"column":0}},"skip":true},"2":{"name":"defineProperties","line":0,"loc":{"start":{"line":0,"column":0},"end":{"line":0,"column":0}},"skip":true},"3":{"name":"(anonymous_3)","line":0,"loc":{"start":{"line":0,"column":0},"end":{"line":0,"column":0}},"skip":true},"4":{"name":"_interopRequireDefault","line":0,"loc":{"start":{"line":0,"column":0},"end":{"line":0,"column":0}},"skip":true},"5":{"name":"_classCallCheck","line":0,"loc":{"start":{"line":0,"column":0},"end":{"line":0,"column":0}},"skip":true},"6":{"name":"_reportError","line":18,"loc":{"start":{"line":18,"column":26},"end":{"line":18,"column":39}}},"7":{"name":"(anonymous_7)","line":0,"loc":{"start":{"line":0,"column":0},"end":{"line":0,"column":0}},"skip":true},"8":{"name":"buildHeadline","line":33,"loc":{"start":{"line":33,"column":19},"end":{"line":34,"column":4}}},"9":{"name":"buildImage","line":59,"loc":{"start":{"line":59,"column":16},"end":{"line":60,"column":4}}},"10":{"name":"buildStories","line":91,"loc":{"start":{"line":91,"column":18},"end":{"line":92,"column":4}}},"11":{"name":"(anonymous_11)","line":114,"loc":{"start":{"line":114,"column":31},"end":{"line":114,"column":45}}},"12":{"name":"buildStory","line":140,"loc":{"start":{"line":140,"column":4},"end":{"line":140,"column":4}}},"13":{"name":"buildStoryText","line":194,"loc":{"start":{"line":194,"column":20},"end":{"line":195,"column":4}}},"14":{"name":"buildStyleTag","line":229,"loc":{"start":{"line":229,"column":19},"end":{"line":230,"column":4}}},"15":{"name":"buildTitle","line":251,"loc":{"start":{"line":251,"column":16},"end":{"line":252,"column":4}}},"16":{"name":"compileStyles","line":282,"loc":{"start":{"line":282,"column":4},"end":{"line":282,"column":4}}},"17":{"name":"Build","line":331,"loc":{"start":{"line":331,"column":17},"end":{"line":332,"column":4}}},"18":{"name":"create","line":369,"loc":{"start":{"line":369,"column":12},"end":{"line":370,"column":4}}},"19":{"name":"getDescription","line":392,"loc":{"start":{"line":392,"column":20},"end":{"line":393,"column":4}}},"20":{"name":"getImageUrl","line":424,"loc":{"start":{"line":424,"column":17},"end":{"line":425,"column":4}}},"21":{"name":"includeBaseStyles","line":437,"loc":{"start":{"line":437,"column":23},"end":{"line":438,"column":4}}},"22":{"name":"_addBaseStyle","line":445,"loc":{"start":{"line":445,"column":17},"end":{"line":446,"column":8}}},"23":{"name":"(anonymous_23)","line":473,"loc":{"start":{"line":473,"column":26},"end":{"line":null,"column":null}}},"24":{"name":"includeFonts","line":487,"loc":{"start":{"line":487,"column":4},"end":{"line":487,"column":4}}},"25":{"name":"setDomain","line":511,"loc":{"start":{"line":511,"column":4},"end":{"line":511,"column":4}}}},"statementMap":{"1":{"start":{"line":0,"column":0},"end":{"line":0,"column":0},"skip":true},"2":{"start":{"line":0,"column":0},"end":{"line":0,"column":0},"skip":true},"3":{"start":{"line":0,"column":0},"end":{"line":0,"column":0},"skip":true},"4":{"start":{"line":0,"column":0},"end":{"line":0,"column":0},"skip":true},"5":{"start":{"line":0,"column":0},"end":{"line":0,"column":0},"skip":true},"6":{"start":{"line":0,"column":0},"end":{"line":0,"column":0},"skip":true},"7":{"start":{"line":0,"column":0},"end":{"line":0,"column":0},"skip":true},"8":{"start":{"line":0,"column":0},"end":{"line":0,"column":0},"skip":true},"9":{"start":{"line":0,"column":0},"end":{"line":0,"column":0},"skip":true},"10":{"start":{"line":0,"column":0},"end":{"line":0,"column":0},"skip":true},"11":{"start":{"line":0,"column":0},"end":{"line":0,"column":0},"skip":true},"12":{"start":{"line":0,"column":0},"end":{"line":0,"column":0},"skip":true},"13":{"start":{"line":0,"column":0},"end":{"line":0,"column":0},"skip":true},"14":{"start":{"line":0,"column":0},"end":{"line":0,"column":0},"skip":true},"15":{"start":{"line":0,"column":0},"end":{"line":0,"column":0},"skip":true},"16":{"start":{"line":0,"column":0},"end":{"line":0,"column":0},"skip":true},"17":{"start":{"line":8,"column":0},"end":{"line":null,"column":null}},"18":{"start":{"line":0,"column":0},"end":{"line":0,"column":0},"skip":true},"19":{"start":{"line":9,"column":0},"end":{"line":null,"column":null}},"20":{"start":{"line":0,"column":0},"end":{"line":0,"column":0},"skip":true},"21":{"start":{"line":0,"column":0},"end":{"line":0,"column":0},"skip":true},"22":{"start":{"line":0,"column":0},"end":{"line":0,"column":0},"skip":true},"23":{"start":{"line":0,"column":0},"end":{"line":0,"column":0},"skip":true},"24":{"start":{"line":0,"column":0},"end":{"line":0,"column":0},"skip":true},"25":{"start":{"line":15,"column":0},"end":{"line":null,"column":null}},"26":{"start":{"line":16,"column":0},"end":{"line":null,"column":null}},"27":{"start":{"line":17,"column":0},"end":{"line":null,"column":null}},"28":{"start":{"line":18,"column":0},"end":{"line":null,"column":null}},"29":{"start":{"line":18,"column":49},"end":{"line":null,"column":null}},"30":{"start":{"line":21,"column":6},"end":{"line":null,"column":null}},"31":{"start":{"line":0,"column":0},"end":{"line":0,"column":0},"skip":true},"32":{"start":{"line":35,"column":12},"end":{"line":null,"column":null}},"33":{"start":{"line":36,"column":12},"end":{"line":null,"column":null}},"34":{"start":{"line":37,"column":12},"end":{"line":null,"column":null}},"35":{"start":{"line":39,"column":17},"end":{"line":null,"column":null}},"36":{"start":{"line":41,"column":24},"end":{"line":null,"column":null}},"37":{"start":{"line":43,"column":15},"end":{"line":null,"column":null}},"38":{"start":{"line":61,"column":12},"end":{"line":null,"column":null}},"39":{"start":{"line":62,"column":12},"end":{"line":null,"column":null}},"40":{"start":{"line":63,"column":12},"end":{"line":null,"column":null}},"41":{"start":{"line":64,"column":12},"end":{"line":null,"column":null}},"42":{"start":{"line":65,"column":12},"end":{"line":null,"column":null}},"43":{"start":{"line":67,"column":12},"end":{"line":null,"column":null}},"44":{"start":{"line":69,"column":12},"end":{"line":null,"column":null}},"45":{"start":{"line":70,"column":14},"end":{"line":null,"column":null}},"46":{"start":{"line":71,"column":14},"end":{"line":null,"column":null}},"47":{"start":{"line":72,"column":14},"end":{"line":null,"column":null}},"48":{"start":{"line":74,"column":21},"end":{"line":null,"column":null}},"49":{"start":{"line":76,"column":15},"end":{"line":null,"column":null}},"50":{"start":{"line":93,"column":12},"end":{"line":null,"column":null}},"51":{"start":{"line":95,"column":13},"end":{"line":null,"column":null}},"52":{"start":{"line":0,"column":0},"end":{"line":0,"column":0},"skip":true},"53":{"start":{"line":100,"column":12},"end":{"line":null,"column":null}},"54":{"start":{"line":101,"column":12},"end":{"line":null,"column":null}},"55":{"start":{"line":102,"column":12},"end":{"line":null,"column":null}},"56":{"start":{"line":103,"column":12},"end":{"line":null,"column":null}},"57":{"start":{"line":104,"column":12},"end":{"line":null,"column":null}},"58":{"start":{"line":106,"column":16},"end":{"line":null,"column":null}},"59":{"start":{"line":108,"column":13},"end":{"line":null,"column":null}},"60":{"start":{"line":110,"column":13},"end":{"line":null,"column":null}},"61":{"start":{"line":112,"column":20},"end":{"line":null,"column":null}},"62":{"start":{"line":114,"column":22},"end":{"line":null,"column":null}},"63":{"start":{"line":114,"column":55},"end":{"line":null,"column":null}},"64":{"start":{"line":115,"column":20},"end":{"line":null,"column":null}},"65":{"start":{"line":117,"column":16},"end":{"line":null,"column":null}},"66":{"start":{"line":118,"column":16},"end":{"line":null,"column":null}},"67":{"start":{"line":120,"column":21},"end":{"line":null,"column":null}},"68":{"start":{"line":121,"column":20},"end":{"line":null,"column":null}},"69":{"start":{"line":123,"column":19},"end":{"line":null,"column":null}},"70":{"start":{"line":139,"column":18},"end":{"line":null,"column":null}},"71":{"start":{"line":139,"column":25},"end":{"line":null,"column":null}},"72":{"start":{"line":139,"column":38},"end":{"line":null,"column":null}},"73":{"start":{"line":139,"column":46},"end":{"line":null,"column":null}},"74":{"start":{"line":139,"column":65},"end":{"line":null,"column":null}},"75":{"start":{"line":139,"column":71},"end":{"line":null,"column":null}},"76":{"start":{"line":141,"column":12},"end":{"line":null,"column":null}},"77":{"start":{"line":143,"column":13},"end":{"line":null,"column":null}},"78":{"start":{"line":145,"column":16},"end":{"line":null,"column":null}},"79":{"start":{"line":147,"column":16},"end":{"line":null,"column":null}},"80":{"start":{"line":148,"column":16},"end":{"line":null,"column":null}},"81":{"start":{"line":150,"column":22},"end":{"line":null,"column":null}},"82":{"start":{"line":152,"column":17},"end":{"line":null,"column":null}},"83":{"start":{"line":154,"column":26},"end":{"line":null,"column":null}},"84":{"start":{"line":156,"column":17},"end":{"line":null,"column":null}},"85":{"start":{"line":158,"column":26},"end":{"line":null,"column":null}},"86":{"start":{"line":161,"column":18},"end":{"line":null,"column":null}},"87":{"start":{"line":163,"column":22},"end":{"line":null,"column":null}},"88":{"start":{"line":164,"column":22},"end":{"line":null,"column":null}},"89":{"start":{"line":166,"column":16},"end":{"line":null,"column":null}},"90":{"start":{"line":167,"column":16},"end":{"line":null,"column":null}},"91":{"start":{"line":169,"column":22},"end":{"line":null,"column":null}},"92":{"start":{"line":170,"column":20},"end":{"line":null,"column":null}},"93":{"start":{"line":172,"column":19},"end":{"line":null,"column":null}},"94":{"start":{"line":176,"column":17},"end":{"line":null,"column":null}},"95":{"start":{"line":178,"column":19},"end":{"line":null,"column":null}},"96":{"start":{"line":196,"column":12},"end":{"line":null,"column":null}},"97":{"start":{"line":197,"column":12},"end":{"line":null,"column":null}},"98":{"start":{"line":199,"column":12},"end":{"line":null,"column":null}},"99":{"start":{"line":200,"column":20},"end":{"line":null,"column":null}},"100":{"start":{"line":202,"column":12},"end":{"line":null,"column":null}},"101":{"start":{"line":203,"column":30},"end":{"line":null,"column":null}},"102":{"start":{"line":205,"column":13},"end":{"line":null,"column":null}},"103":{"start":{"line":207,"column":22},"end":{"line":null,"column":null}},"104":{"start":{"line":208,"column":22},"end":{"line":null,"column":null}},"105":{"start":{"line":211,"column":20},"end":{"line":null,"column":null}},"106":{"start":{"line":213,"column":12},"end":{"line":null,"column":null}},"107":{"start":{"line":214,"column":20},"end":{"line":null,"column":null}},"108":{"start":{"line":216,"column":15},"end":{"line":null,"column":null}},"109":{"start":{"line":231,"column":12},"end":{"line":null,"column":null}},"110":{"start":{"line":232,"column":11},"end":{"line":null,"column":null}},"111":{"start":{"line":233,"column":11},"end":{"line":null,"column":null}},"112":{"start":{"line":235,"column":12},"end":{"line":null,"column":null}},"113":{"start":{"line":236,"column":11},"end":{"line":null,"column":null}},"114":{"start":{"line":238,"column":15},"end":{"line":null,"column":null}},"115":{"start":{"line":253,"column":12},"end":{"line":null,"column":null}},"116":{"start":{"line":254,"column":22},"end":{"line":null,"column":null}},"117":{"start":{"line":256,"column":13},"end":{"line":null,"column":null}},"118":{"start":{"line":258,"column":20},"end":{"line":null,"column":null}},"119":{"start":{"line":261,"column":13},"end":{"line":null,"column":null}},"120":{"start":{"line":263,"column":16},"end":{"line":null,"column":null}},"121":{"start":{"line":264,"column":16},"end":{"line":null,"column":null}},"122":{"start":{"line":265,"column":18},"end":{"line":null,"column":null}},"123":{"start":{"line":267,"column":20},"end":{"line":null,"column":null}},"124":{"start":{"line":270,"column":15},"end":{"line":null,"column":null}},"125":{"start":{"line":283,"column":12},"end":{"line":null,"column":null}},"126":{"start":{"line":284,"column":12},"end":{"line":null,"column":null}},"127":{"start":{"line":285,"column":12},"end":{"line":null,"column":null}},"128":{"start":{"line":286,"column":12},"end":{"line":null,"column":null}},"129":{"start":{"line":288,"column":13},"end":{"line":null,"column":null}},"130":{"start":{"line":291,"column":33},"end":{"line":null,"column":null}},"131":{"start":{"line":315,"column":12},"end":{"line":null,"column":null}},"132":{"start":{"line":316,"column":11},"end":{"line":null,"column":null}},"133":{"start":{"line":318,"column":16},"end":{"line":null,"column":null}},"134":{"start":{"line":320,"column":15},"end":{"line":null,"column":null}},"135":{"start":{"line":331,"column":17},"end":{"line":null,"column":null}},"136":{"start":{"line":0,"column":0},"end":{"line":0,"column":0},"skip":true},"137":{"start":{"line":333,"column":13},"end":{"line":null,"column":null}},"138":{"start":{"line":334,"column":13},"end":{"line":null,"column":null}},"139":{"start":{"line":335,"column":13},"end":{"line":null,"column":null}},"140":{"start":{"line":337,"column":13},"end":{"line":null,"column":null}},"141":{"start":{"line":338,"column":13},"end":{"line":null,"column":null}},"142":{"start":{"line":340,"column":13},"end":{"line":null,"column":null}},"143":{"start":{"line":342,"column":20},"end":{"line":null,"column":null}},"144":{"start":{"line":343,"column":16},"end":{"line":null,"column":null}},"145":{"start":{"line":345,"column":16},"end":{"line":null,"column":null}},"146":{"start":{"line":346,"column":16},"end":{"line":null,"column":null}},"147":{"start":{"line":347,"column":20},"end":{"line":null,"column":null}},"148":{"start":{"line":349,"column":16},"end":{"line":null,"column":null}},"149":{"start":{"line":350,"column":17},"end":{"line":null,"column":null}},"150":{"start":{"line":352,"column":19},"end":{"line":null,"column":null}},"151":{"start":{"line":355,"column":15},"end":{"line":null,"column":null}},"152":{"start":{"line":0,"column":0},"end":{"line":0,"column":0},"skip":true},"153":{"start":{"line":371,"column":12},"end":{"line":null,"column":null}},"154":{"start":{"line":373,"column":13},"end":{"line":null,"column":null}},"155":{"start":{"line":375,"column":16},"end":{"line":null,"column":null}},"156":{"start":{"line":378,"column":15},"end":{"line":null,"column":null}},"157":{"start":{"line":392,"column":25},"end":{"line":null,"column":null}},"158":{"start":{"line":394,"column":12},"end":{"line":null,"column":null}},"159":{"start":{"line":396,"column":13},"end":{"line":null,"column":null}},"160":{"start":{"line":398,"column":19},"end":{"line":null,"column":null}},"161":{"start":{"line":401,"column":12},"end":{"line":null,"column":null}},"162":{"start":{"line":402,"column":11},"end":{"line":null,"column":null}},"163":{"start":{"line":403,"column":12},"end":{"line":null,"column":null}},"164":{"start":{"line":405,"column":13},"end":{"line":null,"column":null}},"165":{"start":{"line":407,"column":19},"end":{"line":null,"column":null}},"166":{"start":{"line":410,"column":15},"end":{"line":null,"column":null}},"167":{"start":{"line":424,"column":27},"end":{"line":null,"column":null}},"168":{"start":{"line":426,"column":46},"end":{"line":null,"column":null}},"169":{"start":{"line":439,"column":12},"end":{"line":null,"column":null}},"170":{"start":{"line":440,"column":12},"end":{"line":null,"column":null}},"171":{"start":{"line":441,"column":12},"end":{"line":null,"column":null}},"172":{"start":{"line":442,"column":12},"end":{"line":null,"column":null}},"173":{"start":{"line":443,"column":12},"end":{"line":null,"column":null}},"174":{"start":{"line":445,"column":17},"end":{"line":null,"column":null}},"175":{"start":{"line":447,"column":16},"end":{"line":null,"column":null}},"176":{"start":{"line":449,"column":17},"end":{"line":null,"column":null}},"177":{"start":{"line":451,"column":34},"end":{"line":null,"column":null}},"178":{"start":{"line":452,"column":19},"end":{"line":null,"column":null}},"179":{"start":{"line":454,"column":24},"end":{"line":null,"column":null}},"180":{"start":{"line":456,"column":21},"end":{"line":null,"column":null}},"181":{"start":{"line":459,"column":19},"end":{"line":null,"column":null}},"182":{"start":{"line":462,"column":12},"end":{"line":null,"column":null}},"183":{"start":{"line":464,"column":13},"end":{"line":null,"column":null}},"184":{"start":{"line":465,"column":13},"end":{"line":null,"column":null}},"185":{"start":{"line":468,"column":13},"end":{"line":null,"column":null}},"186":{"start":{"line":470,"column":16},"end":{"line":null,"column":null}},"187":{"start":{"line":473,"column":14},"end":{"line":null,"column":null}},"188":{"start":{"line":473,"column":32},"end":{"line":null,"column":null}},"189":{"start":{"line":475,"column":15},"end":{"line":null,"column":null}},"190":{"start":{"line":488,"column":12},"end":{"line":null,"column":null}},"191":{"start":{"line":489,"column":11},"end":{"line":null,"column":null}},"192":{"start":{"line":490,"column":11},"end":{"line":null,"column":null}},"193":{"start":{"line":491,"column":11},"end":{"line":null,"column":null}},"194":{"start":{"line":492,"column":12},"end":{"line":null,"column":null}},"195":{"start":{"line":493,"column":11},"end":{"line":null,"column":null}},"196":{"start":{"line":497,"column":17},"end":{"line":null,"column":null}},"197":{"start":{"line":499,"column":15},"end":{"line":null,"column":null}},"198":{"start":{"line":512,"column":12},"end":{"line":null,"column":null}},"199":{"start":{"line":513,"column":12},"end":{"line":null,"column":null}},"200":{"start":{"line":515,"column":12},"end":{"line":null,"column":null}},"201":{"start":{"line":517,"column":13},"end":{"line":null,"column":null}},"202":{"start":{"line":519,"column":17},"end":{"line":null,"column":null}},"203":{"start":{"line":521,"column":25},"end":{"line":null,"column":null}},"204":{"start":{"line":523,"column":17},"end":{"line":null,"column":null}},"205":{"start":{"line":525,"column":28},"end":{"line":null,"column":null}},"206":{"start":{"line":0,"column":0},"end":{"line":0,"column":0},"skip":true},"207":{"start":{"line":532,"column":21},"end":{"line":null,"column":null}},"208":{"start":{"line":534,"column":19},"end":{"line":null,"column":null}},"209":{"start":{"line":0,"column":0},"end":{"line":0,"column":0},"skip":true},"210":{"start":{"line":540,"column":0},"end":{"line":null,"column":null}},"211":{"start":{"line":542,"column":15},"end":{"line":null,"column":null}}},"branchMap":{"1":{"line":0,"type":"binary-expr","locations":[{"start":{"line":0,"column":0},"end":{"line":0,"column":0},"skip":true},{"start":{"line":0,"column":0},"end":{"line":0,"column":0},"skip":true}]},"2":{"line":0,"type":"if","locations":[{"start":{"line":0,"column":0},"end":{"line":0,"column":0},"skip":true},{"start":{"line":0,"column":0},"end":{"line":0,"column":0},"skip":true}]},"3":{"line":0,"type":"if","locations":[{"start":{"line":0,"column":0},"end":{"line":0,"column":0},"skip":true},{"start":{"line":0,"column":0},"end":{"line":0,"column":0},"skip":true}]},"4":{"line":0,"type":"if","locations":[{"start":{"line":0,"column":0},"end":{"line":0,"column":0},"skip":true},{"start":{"line":0,"column":0},"end":{"line":0,"column":0},"skip":true}]},"5":{"line":0,"type":"cond-expr","locations":[{"start":{"line":0,"column":0},"end":{"line":0,"column":0},"skip":true},{"start":{"line":0,"column":0},"end":{"line":0,"column":0},"skip":true}]},"6":{"line":0,"type":"binary-expr","locations":[{"start":{"line":0,"column":0},"end":{"line":0,"column":0},"skip":true},{"start":{"line":0,"column":0},"end":{"line":0,"column":0},"skip":true}]},"7":{"line":0,"type":"if","locations":[{"start":{"line":0,"column":0},"end":{"line":0,"column":0},"skip":true},{"start":{"line":0,"column":0},"end":{"line":0,"column":0},"skip":true}]},"8":{"line":71,"type":"binary-expr","locations":[{"start":{"line":71,"column":34},"end":{"line":71,"column":34}},{"start":{"line":71,"column":52},"end":{"line":71,"column":8}}]},"9":{"line":93,"type":"binary-expr","locations":[{"start":{"line":93,"column":47},"end":{"line":93,"column":69}},{"start":{"line":93,"column":69},"end":{"line":93,"column":8}}]},"10":{"line":95,"type":"if","locations":[{"start":{"line":95,"column":13},"end":{"line":95,"column":13}},{"start":{"line":95,"column":13},"end":{"line":95,"column":13}}]},"11":{"line":110,"type":"if","locations":[{"start":{"line":110,"column":13},"end":{"line":110,"column":13}},{"start":{"line":110,"column":13},"end":{"line":110,"column":13}}]},"12":{"line":139,"type":"cond-expr","locations":[{"start":{"line":139,"column":75},"end":{"line":140,"column":4}},{"start":{"line":0,"column":0},"end":{"line":0,"column":0},"skip":true}]},"13":{"line":139,"type":"binary-expr","locations":[{"start":{"line":139,"column":75},"end":{"line":139,"column":75}},{"start":{"line":139,"column":75},"end":{"line":139,"column":75}}]},"14":{"line":143,"type":"if","locations":[{"start":{"line":143,"column":13},"end":{"line":143,"column":13}},{"start":{"line":143,"column":13},"end":{"line":143,"column":13}}]},"15":{"line":143,"type":"binary-expr","locations":[{"start":{"line":143,"column":13},"end":{"line":143,"column":13}},{"start":{"line":143,"column":48},"end":{"line":143,"column":8}}]},"16":{"line":152,"type":"if","locations":[{"start":{"line":152,"column":17},"end":{"line":152,"column":17}},{"start":{"line":152,"column":17},"end":{"line":152,"column":17}}]},"17":{"line":156,"type":"if","locations":[{"start":{"line":156,"column":17},"end":{"line":156,"column":17}},{"start":{"line":156,"column":17},"end":{"line":156,"column":17}}]},"18":{"line":205,"type":"if","locations":[{"start":{"line":205,"column":13},"end":{"line":205,"column":13}},{"start":{"line":205,"column":13},"end":{"line":205,"column":13}}]},"19":{"line":254,"type":"binary-expr","locations":[{"start":{"line":254,"column":22},"end":{"line":254,"column":31}},{"start":{"line":254,"column":31},"end":{"line":254,"column":8}}]},"20":{"line":256,"type":"if","locations":[{"start":{"line":256,"column":13},"end":{"line":256,"column":13}},{"start":{"line":256,"column":13},"end":{"line":256,"column":13}}]},"21":{"line":256,"type":"binary-expr","locations":[{"start":{"line":256,"column":13},"end":{"line":256,"column":13}},{"start":{"line":256,"column":39},"end":{"line":256,"column":8}}]},"22":{"line":261,"type":"if","locations":[{"start":{"line":261,"column":13},"end":{"line":261,"column":13}},{"start":{"line":261,"column":13},"end":{"line":261,"column":13}}]},"23":{"line":288,"type":"if","locations":[{"start":{"line":288,"column":13},"end":{"line":288,"column":13}},{"start":{"line":288,"column":13},"end":{"line":288,"column":13}}]},"24":{"line":340,"type":"if","locations":[{"start":{"line":340,"column":13},"end":{"line":340,"column":13}},{"start":{"line":340,"column":13},"end":{"line":340,"column":13}}]},"25":{"line":373,"type":"if","locations":[{"start":{"line":373,"column":13},"end":{"line":373,"column":13}},{"start":{"line":373,"column":13},"end":{"line":373,"column":13}}]},"26":{"line":392,"type":"cond-expr","locations":[{"start":{"line":392,"column":29},"end":{"line":393,"column":4}},{"start":{"line":0,"column":0},"end":{"line":0,"column":0},"skip":true}]},"27":{"line":392,"type":"binary-expr","locations":[{"start":{"line":392,"column":29},"end":{"line":392,"column":29}},{"start":{"line":392,"column":29},"end":{"line":392,"column":29}}]},"28":{"line":396,"type":"if","locations":[{"start":{"line":396,"column":13},"end":{"line":396,"column":13}},{"start":{"line":396,"column":13},"end":{"line":396,"column":13}}]},"29":{"line":405,"type":"if","locations":[{"start":{"line":405,"column":13},"end":{"line":405,"column":13}},{"start":{"line":405,"column":13},"end":{"line":405,"column":13}}]},"30":{"line":405,"type":"binary-expr","locations":[{"start":{"line":405,"column":13},"end":{"line":405,"column":37}},{"start":{"line":405,"column":37},"end":{"line":405,"column":8}}]},"31":{"line":424,"type":"cond-expr","locations":[{"start":{"line":424,"column":39},"end":{"line":425,"column":4}},{"start":{"line":0,"column":0},"end":{"line":0,"column":0},"skip":true}]},"32":{"line":424,"type":"binary-expr","locations":[{"start":{"line":424,"column":39},"end":{"line":424,"column":39}},{"start":{"line":424,"column":39},"end":{"line":424,"column":39}}]},"33":{"line":449,"type":"if","locations":[{"start":{"line":449,"column":17},"end":{"line":449,"column":17}},{"start":{"line":449,"column":17},"end":{"line":449,"column":17}}]},"34":{"line":464,"type":"binary-expr","locations":[{"start":{"line":464,"column":34},"end":{"line":464,"column":41}},{"start":{"line":464,"column":41},"end":{"line":464,"column":19}}]},"35":{"line":468,"type":"if","locations":[{"start":{"line":468,"column":13},"end":{"line":468,"column":13}},{"start":{"line":468,"column":13},"end":{"line":468,"column":13}}]},"36":{"line":494,"type":"cond-expr","locations":[{"start":{"line":494,"column":28},"end":{"line":493,"column":26}},{"start":{"line":495,"column":33},"end":{"line":493,"column":8}}]},"37":{"line":517,"type":"if","locations":[{"start":{"line":517,"column":13},"end":{"line":517,"column":13}},{"start":{"line":517,"column":13},"end":{"line":517,"column":13}}]},"38":{"line":519,"type":"if","locations":[{"start":{"line":519,"column":17},"end":{"line":519,"column":17}},{"start":{"line":519,"column":17},"end":{"line":519,"column":17}}]},"39":{"line":523,"type":"if","locations":[{"start":{"line":523,"column":17},"end":{"line":523,"column":17}},{"start":{"line":523,"column":17},"end":{"line":523,"column":17}}]}}},"/Library/WebServer/Documents/widget/src/classes.js":{"path":"/Library/WebServer/Documents/widget/src/classes.js","s":{"1":1},"b":{},"f":{},"fnMap":{},"statementMap":{"1":{"start":{"line":7,"column":0},"end":{"line":null,"column":null}}},"branchMap":{}},"/Library/WebServer/Documents/widget/src/baseWidget.js":{"path":"/Library/WebServer/Documents/widget/src/baseWidget.js","s":{"1":1,"2":1,"3":1,"4":2,"5":3,"6":3,"7":3,"8":3,"9":3,"10":3,"11":1,"12":2,"13":2,"14":2,"15":0,"16":2,"17":1,"18":1,"19":1,"20":1,"21":1,"22":1,"23":1,"24":1,"25":3,"26":1,"27":1,"28":0,"29":1,"30":1,"31":1,"32":1,"33":0,"34":0,"35":0,"36":0,"37":0,"38":0,"39":0,"40":0,"41":0,"42":0,"43":0,"44":0,"45":0,"46":1,"47":0,"48":1,"49":0,"50":0,"51":1,"52":0,"53":1,"54":1,"55":1,"56":1,"57":1,"58":1,"59":1,"60":1,"61":1,"62":1,"63":1,"64":1,"65":1,"66":1,"67":1,"68":1,"69":1,"70":1,"71":1,"72":1,"73":1,"74":1,"75":1,"76":1,"77":1,"78":1,"79":1,"80":1,"81":1,"82":1,"83":1,"84":1,"85":1,"86":1,"87":1,"88":1,"89":0,"90":1,"91":1,"92":1,"93":1,"94":1,"95":1,"96":1,"97":1,"98":1,"99":1,"100":1,"101":1,"102":1,"103":1,"104":1,"105":1,"106":1,"107":1,"108":1,"109":1,"110":1,"111":1,"112":1,"113":1,"114":1,"115":0,"116":0,"117":0,"118":0,"119":0,"120":0,"121":0,"122":1,"123":1,"124":1,"125":1},"b":{"1":[3,3],"2":[3,0],"3":[2,0],"4":[0,2],"5":[1,2],"6":[3,3],"7":[0,1],"8":[0,0],"9":[0,0],"10":[0,0],"11":[0,0],"12":[0,1],"13":[0,1],"14":[1,1],"15":[0,1],"16":[0,1],"17":[1,1],"18":[1,0],"19":[1,0],"20":[1,0],"21":[1,0],"22":[1,0],"23":[1,0],"24":[1,0],"25":[1,0],"26":[1,0],"27":[1,0],"28":[1,0],"29":[0,1],"30":[1,0],"31":[0,1],"32":[1,0],"33":[0,1],"34":[0,1],"35":[0,1],"36":[1,1],"37":[0,0]},"f":{"1":1,"2":2,"3":2,"4":3,"5":1,"6":1,"7":0,"8":0,"9":1,"10":1,"11":1,"12":0,"13":0},"fnMap":{"1":{"name":"(anonymous_1)","line":0,"loc":{"start":{"line":0,"column":0},"end":{"line":0,"column":0}},"skip":true},"2":{"name":"defineProperties","line":0,"loc":{"start":{"line":0,"column":0},"end":{"line":0,"column":0}},"skip":true},"3":{"name":"(anonymous_3)","line":0,"loc":{"start":{"line":0,"column":0},"end":{"line":0,"column":0}},"skip":true},"4":{"name":"_interopRequireDefault","line":0,"loc":{"start":{"line":0,"column":0},"end":{"line":0,"column":0}},"skip":true},"5":{"name":"_classCallCheck","line":0,"loc":{"start":{"line":0,"column":0},"end":{"line":0,"column":0}},"skip":true},"6":{"name":"(anonymous_6)","line":0,"loc":{"start":{"line":0,"column":0},"end":{"line":0,"column":0}},"skip":true},"7":{"name":"attach","line":31,"loc":{"start":{"line":31,"column":4},"end":{"line":31,"column":4}}},"8":{"name":"(anonymous_8)","line":41,"loc":{"start":{"line":41,"column":28},"end":{"line":42,"column":12}}},"9":{"name":"checkTarget","line":67,"loc":{"start":{"line":67,"column":17},"end":{"line":68,"column":4}}},"10":{"name":"StylaWidget","line":114,"loc":{"start":{"line":114,"column":4},"end":{"line":114,"column":4}}},"11":{"name":"(anonymous_11)","line":149,"loc":{"start":{"line":149,"column":49},"end":{"line":150,"column":8}}},"12":{"name":"destroy","line":167,"loc":{"start":{"line":167,"column":4},"end":{"line":167,"column":4}}},"13":{"name":"(anonymous_13)","line":170,"loc":{"start":{"line":170,"column":37},"end":{"line":171,"column":8}}}},"statementMap":{"1":{"start":{"line":0,"column":0},"end":{"line":0,"column":0},"skip":true},"2":{"start":{"line":0,"column":0},"end":{"line":0,"column":0},"skip":true},"3":{"start":{"line":0,"column":0},"end":{"line":0,"column":0},"skip":true},"4":{"start":{"line":0,"column":0},"end":{"line":0,"column":0},"skip":true},"5":{"start":{"line":0,"column":0},"end":{"line":0,"column":0},"skip":true},"6":{"start":{"line":0,"column":0},"end":{"line":0,"column":0},"skip":true},"7":{"start":{"line":0,"column":0},"end":{"line":0,"column":0},"skip":true},"8":{"start":{"line":0,"column":0},"end":{"line":0,"column":0},"skip":true},"9":{"start":{"line":0,"column":0},"end":{"line":0,"column":0},"skip":true},"10":{"start":{"line":0,"column":0},"end":{"line":0,"column":0},"skip":true},"11":{"start":{"line":0,"column":0},"end":{"line":0,"column":0},"skip":true},"12":{"start":{"line":0,"column":0},"end":{"line":0,"column":0},"skip":true},"13":{"start":{"line":0,"column":0},"end":{"line":0,"column":0},"skip":true},"14":{"start":{"line":0,"column":0},"end":{"line":0,"column":0},"skip":true},"15":{"start":{"line":0,"column":0},"end":{"line":0,"column":0},"skip":true},"16":{"start":{"line":0,"column":0},"end":{"line":0,"column":0},"skip":true},"17":{"start":{"line":11,"column":0},"end":{"line":null,"column":null}},"18":{"start":{"line":0,"column":0},"end":{"line":0,"column":0},"skip":true},"19":{"start":{"line":12,"column":0},"end":{"line":null,"column":null}},"20":{"start":{"line":0,"column":0},"end":{"line":0,"column":0},"skip":true},"21":{"start":{"line":13,"column":0},"end":{"line":null,"column":null}},"22":{"start":{"line":0,"column":0},"end":{"line":0,"column":0},"skip":true},"23":{"start":{"line":15,"column":0},"end":{"line":null,"column":null}},"24":{"start":{"line":0,"column":0},"end":{"line":0,"column":0},"skip":true},"25":{"start":{"line":0,"column":0},"end":{"line":0,"column":0},"skip":true},"26":{"start":{"line":0,"column":0},"end":{"line":0,"column":0},"skip":true},"27":{"start":{"line":0,"column":0},"end":{"line":0,"column":0},"skip":true},"28":{"start":{"line":0,"column":0},"end":{"line":0,"column":0},"skip":true},"29":{"start":{"line":17,"column":0},"end":{"line":null,"column":null}},"30":{"start":{"line":18,"column":0},"end":{"line":null,"column":null}},"31":{"start":{"line":20,"column":6},"end":{"line":null,"column":null}},"32":{"start":{"line":0,"column":0},"end":{"line":0,"column":0},"skip":true},"33":{"start":{"line":30,"column":12},"end":{"line":null,"column":null}},"34":{"start":{"line":32,"column":22},"end":{"line":null,"column":null}},"35":{"start":{"line":34,"column":12},"end":{"line":null,"column":null}},"36":{"start":{"line":35,"column":12},"end":{"line":null,"column":null}},"37":{"start":{"line":37,"column":13},"end":{"line":null,"column":null}},"38":{"start":{"line":39,"column":16},"end":{"line":null,"column":null}},"39":{"start":{"line":41,"column":19},"end":{"line":null,"column":null}},"40":{"start":{"line":43,"column":21},"end":{"line":null,"column":null}},"41":{"start":{"line":46,"column":17},"end":{"line":null,"column":null}},"42":{"start":{"line":48,"column":21},"end":{"line":null,"column":null}},"43":{"start":{"line":51,"column":17},"end":{"line":null,"column":null}},"44":{"start":{"line":52,"column":19},"end":{"line":null,"column":null}},"45":{"start":{"line":55,"column":15},"end":{"line":null,"column":null}},"46":{"start":{"line":69,"column":13},"end":{"line":null,"column":null}},"47":{"start":{"line":71,"column":19},"end":{"line":null,"column":null}},"48":{"start":{"line":74,"column":13},"end":{"line":null,"column":null}},"49":{"start":{"line":76,"column":20},"end":{"line":null,"column":null}},"50":{"start":{"line":77,"column":19},"end":{"line":null,"column":null}},"51":{"start":{"line":79,"column":13},"end":{"line":null,"column":null}},"52":{"start":{"line":0,"column":0},"end":{"line":0,"column":0},"skip":true},"53":{"start":{"line":84,"column":15},"end":{"line":null,"column":null}},"54":{"start":{"line":114,"column":4},"end":{"line":null,"column":null}},"55":{"start":{"line":113,"column":24},"end":{"line":null,"column":null}},"56":{"start":{"line":98,"column":20},"end":{"line":null,"column":null}},"57":{"start":{"line":98,"column":20},"end":{"line":null,"column":null}},"58":{"start":{"line":99,"column":20},"end":{"line":null,"column":null}},"59":{"start":{"line":99,"column":20},"end":{"line":null,"column":null}},"60":{"start":{"line":100,"column":20},"end":{"line":null,"column":null}},"61":{"start":{"line":100,"column":20},"end":{"line":null,"column":null}},"62":{"start":{"line":101,"column":20},"end":{"line":null,"column":null}},"63":{"start":{"line":101,"column":20},"end":{"line":null,"column":null}},"64":{"start":{"line":102,"column":20},"end":{"line":null,"column":null}},"65":{"start":{"line":102,"column":20},"end":{"line":null,"column":null}},"66":{"start":{"line":103,"column":20},"end":{"line":null,"column":null}},"67":{"start":{"line":103,"column":20},"end":{"line":null,"column":null}},"68":{"start":{"line":104,"column":20},"end":{"line":null,"column":null}},"69":{"start":{"line":104,"column":20},"end":{"line":null,"column":null}},"70":{"start":{"line":105,"column":20},"end":{"line":null,"column":null}},"71":{"start":{"line":105,"column":20},"end":{"line":null,"column":null}},"72":{"start":{"line":106,"column":20},"end":{"line":null,"column":null}},"73":{"start":{"line":106,"column":20},"end":{"line":null,"column":null}},"74":{"start":{"line":107,"column":20},"end":{"line":null,"column":null}},"75":{"start":{"line":107,"column":20},"end":{"line":null,"column":null}},"76":{"start":{"line":108,"column":20},"end":{"line":null,"column":null}},"77":{"start":{"line":108,"column":20},"end":{"line":null,"column":null}},"78":{"start":{"line":109,"column":20},"end":{"line":null,"column":null}},"79":{"start":{"line":109,"column":20},"end":{"line":null,"column":null}},"80":{"start":{"line":110,"column":20},"end":{"line":null,"column":null}},"81":{"start":{"line":110,"column":20},"end":{"line":null,"column":null}},"82":{"start":{"line":111,"column":20},"end":{"line":null,"column":null}},"83":{"start":{"line":111,"column":20},"end":{"line":null,"column":null}},"84":{"start":{"line":112,"column":20},"end":{"line":null,"column":null}},"85":{"start":{"line":112,"column":20},"end":{"line":null,"column":null}},"86":{"start":{"line":0,"column":0},"end":{"line":0,"column":0},"skip":true},"87":{"start":{"line":115,"column":17},"end":{"line":null,"column":null}},"88":{"start":{"line":117,"column":13},"end":{"line":null,"column":null}},"89":{"start":{"line":0,"column":0},"end":{"line":0,"column":0},"skip":true},"90":{"start":{"line":122,"column":13},"end":{"line":null,"column":null}},"91":{"start":{"line":123,"column":13},"end":{"line":null,"column":null}},"92":{"start":{"line":124,"column":13},"end":{"line":null,"column":null}},"93":{"start":{"line":125,"column":13},"end":{"line":null,"column":null}},"94":{"start":{"line":126,"column":13},"end":{"line":null,"column":null}},"95":{"start":{"line":127,"column":13},"end":{"line":null,"column":null}},"96":{"start":{"line":128,"column":13},"end":{"line":null,"column":null}},"97":{"start":{"line":130,"column":12},"end":{"line":null,"column":null}},"98":{"start":{"line":132,"column":13},"end":{"line":null,"column":null}},"99":{"start":{"line":133,"column":13},"end":{"line":null,"column":null}},"100":{"start":{"line":134,"column":13},"end":{"line":null,"column":null}},"101":{"start":{"line":135,"column":13},"end":{"line":null,"column":null}},"102":{"start":{"line":136,"column":13},"end":{"line":null,"column":null}},"103":{"start":{"line":137,"column":13},"end":{"line":null,"column":null}},"104":{"start":{"line":138,"column":13},"end":{"line":null,"column":null}},"105":{"start":{"line":139,"column":13},"end":{"line":null,"column":null}},"106":{"start":{"line":140,"column":13},"end":{"line":null,"column":null}},"107":{"start":{"line":141,"column":13},"end":{"line":null,"column":null}},"108":{"start":{"line":142,"column":13},"end":{"line":null,"column":null}},"109":{"start":{"line":144,"column":12},"end":{"line":null,"column":null}},"110":{"start":{"line":147,"column":12},"end":{"line":null,"column":null}},"111":{"start":{"line":149,"column":13},"end":{"line":null,"column":null}},"112":{"start":{"line":151,"column":16},"end":{"line":null,"column":null}},"113":{"start":{"line":155,"column":15},"end":{"line":null,"column":null}},"114":{"start":{"line":0,"column":0},"end":{"line":0,"column":0},"skip":true},"115":{"start":{"line":168,"column":12},"end":{"line":null,"column":null}},"116":{"start":{"line":170,"column":15},"end":{"line":null,"column":null}},"117":{"start":{"line":172,"column":16},"end":{"line":null,"column":null}},"118":{"start":{"line":173,"column":16},"end":{"line":null,"column":null}},"119":{"start":{"line":175,"column":17},"end":{"line":null,"column":null}},"120":{"start":{"line":177,"column":23},"end":{"line":null,"column":null}},"121":{"start":{"line":181,"column":15},"end":{"line":null,"column":null}},"122":{"start":{"line":0,"column":0},"end":{"line":0,"column":0},"skip":true},"123":{"start":{"line":185,"column":0},"end":{"line":null,"column":null}},"124":{"start":{"line":187,"column":0},"end":{"line":null,"column":null}},"125":{"start":{"line":190,"column":15},"end":{"line":null,"column":null}}},"branchMap":{"1":{"line":0,"type":"binary-expr","locations":[{"start":{"line":0,"column":0},"end":{"line":0,"column":0},"skip":true},{"start":{"line":0,"column":0},"end":{"line":0,"column":0},"skip":true}]},"2":{"line":0,"type":"if","locations":[{"start":{"line":0,"column":0},"end":{"line":0,"column":0},"skip":true},{"start":{"line":0,"column":0},"end":{"line":0,"column":0},"skip":true}]},"3":{"line":0,"type":"if","locations":[{"start":{"line":0,"column":0},"end":{"line":0,"column":0},"skip":true},{"start":{"line":0,"column":0},"end":{"line":0,"column":0},"skip":true}]},"4":{"line":0,"type":"if","locations":[{"start":{"line":0,"column":0},"end":{"line":0,"column":0},"skip":true},{"start":{"line":0,"column":0},"end":{"line":0,"column":0},"skip":true}]},"5":{"line":0,"type":"cond-expr","locations":[{"start":{"line":0,"column":0},"end":{"line":0,"column":0},"skip":true},{"start":{"line":0,"column":0},"end":{"line":0,"column":0},"skip":true}]},"6":{"line":0,"type":"binary-expr","locations":[{"start":{"line":0,"column":0},"end":{"line":0,"column":0},"skip":true},{"start":{"line":0,"column":0},"end":{"line":0,"column":0},"skip":true}]},"7":{"line":0,"type":"if","locations":[{"start":{"line":0,"column":0},"end":{"line":0,"column":0},"skip":true},{"start":{"line":0,"column":0},"end":{"line":0,"column":0},"skip":true}]},"8":{"line":30,"type":"cond-expr","locations":[{"start":{"line":30,"column":21},"end":{"line":31,"column":4}},{"start":{"line":0,"column":0},"end":{"line":0,"column":0},"skip":true}]},"9":{"line":30,"type":"binary-expr","locations":[{"start":{"line":30,"column":21},"end":{"line":30,"column":21}},{"start":{"line":30,"column":21},"end":{"line":30,"column":21}}]},"10":{"line":37,"type":"if","locations":[{"start":{"line":37,"column":13},"end":{"line":37,"column":13}},{"start":{"line":37,"column":13},"end":{"line":37,"column":13}}]},"11":{"line":46,"type":"if","locations":[{"start":{"line":46,"column":17},"end":{"line":46,"column":17}},{"start":{"line":46,"column":17},"end":{"line":46,"column":17}}]},"12":{"line":69,"type":"if","locations":[{"start":{"line":69,"column":13},"end":{"line":69,"column":13}},{"start":{"line":69,"column":13},"end":{"line":69,"column":13}}]},"13":{"line":74,"type":"if","locations":[{"start":{"line":74,"column":13},"end":{"line":74,"column":13}},{"start":{"line":74,"column":13},"end":{"line":74,"column":13}}]},"14":{"line":74,"type":"binary-expr","locations":[{"start":{"line":74,"column":13},"end":{"line":74,"column":46}},{"start":{"line":74,"column":46},"end":{"line":74,"column":8}}]},"15":{"line":79,"type":"if","locations":[{"start":{"line":79,"column":13},"end":{"line":79,"column":13}},{"start":{"line":79,"column":13},"end":{"line":79,"column":13}}]},"16":{"line":113,"type":"cond-expr","locations":[{"start":{"line":113,"column":24},"end":{"line":114,"column":4}},{"start":{"line":0,"column":0},"end":{"line":0,"column":0},"skip":true}]},"17":{"line":113,"type":"binary-expr","locations":[{"start":{"line":113,"column":24},"end":{"line":113,"column":24}},{"start":{"line":113,"column":24},"end":{"line":113,"column":24}}]},"18":{"line":98,"type":"cond-expr","locations":[{"start":{"line":98,"column":34},"end":{"line":114,"column":4}},{"start":{"line":0,"column":0},"end":{"line":0,"column":0},"skip":true}]},"19":{"line":99,"type":"cond-expr","locations":[{"start":{"line":99,"column":34},"end":{"line":114,"column":4}},{"start":{"line":0,"column":0},"end":{"line":0,"column":0},"skip":true}]},"20":{"line":100,"type":"cond-expr","locations":[{"start":{"line":100,"column":34},"end":{"line":114,"column":4}},{"start":{"line":0,"column":0},"end":{"line":0,"column":0},"skip":true}]},"21":{"line":101,"type":"cond-expr","locations":[{"start":{"line":101,"column":34},"end":{"line":114,"column":4}},{"start":{"line":0,"column":0},"end":{"line":0,"column":0},"skip":true}]},"22":{"line":102,"type":"cond-expr","locations":[{"start":{"line":102,"column":34},"end":{"line":114,"column":4}},{"start":{"line":0,"column":0},"end":{"line":0,"column":0},"skip":true}]},"23":{"line":103,"type":"cond-expr","locations":[{"start":{"line":103,"column":34},"end":{"line":114,"column":4}},{"start":{"line":0,"column":0},"end":{"line":0,"column":0},"skip":true}]},"24":{"line":104,"type":"cond-expr","locations":[{"start":{"line":104,"column":34},"end":{"line":114,"column":4}},{"start":{"line":0,"column":0},"end":{"line":0,"column":0},"skip":true}]},"25":{"line":105,"type":"cond-expr","locations":[{"start":{"line":105,"column":34},"end":{"line":114,"column":4}},{"start":{"line":0,"column":0},"end":{"line":0,"column":0},"skip":true}]},"26":{"line":106,"type":"cond-expr","locations":[{"start":{"line":106,"column":34},"end":{"line":114,"column":4}},{"start":{"line":0,"column":0},"end":{"line":0,"column":0},"skip":true}]},"27":{"line":107,"type":"cond-expr","locations":[{"start":{"line":107,"column":34},"end":{"line":114,"column":4}},{"start":{"line":0,"column":0},"end":{"line":0,"column":0},"skip":true}]},"28":{"line":108,"type":"cond-expr","locations":[{"start":{"line":108,"column":34},"end":{"line":114,"column":4}},{"start":{"line":0,"column":0},"end":{"line":0,"column":0},"skip":true}]},"29":{"line":109,"type":"cond-expr","locations":[{"start":{"line":109,"column":34},"end":{"line":114,"column":4}},{"start":{"line":0,"column":0},"end":{"line":0,"column":0},"skip":true}]},"30":{"line":110,"type":"cond-expr","locations":[{"start":{"line":110,"column":34},"end":{"line":114,"column":4}},{"start":{"line":0,"column":0},"end":{"line":0,"column":0},"skip":true}]},"31":{"line":111,"type":"cond-expr","locations":[{"start":{"line":111,"column":34},"end":{"line":114,"column":4}},{"start":{"line":0,"column":0},"end":{"line":0,"column":0},"skip":true}]},"32":{"line":112,"type":"cond-expr","locations":[{"start":{"line":112,"column":34},"end":{"line":114,"column":4}},{"start":{"line":0,"column":0},"end":{"line":0,"column":0},"skip":true}]},"33":{"line":117,"type":"if","locations":[{"start":{"line":117,"column":13},"end":{"line":117,"column":13}},{"start":{"line":117,"column":13},"end":{"line":117,"column":13}}]},"34":{"line":130,"type":"cond-expr","locations":[{"start":{"line":130,"column":35},"end":{"line":130,"column":26}},{"start":{"line":130,"column":39},"end":{"line":130,"column":8}}]},"35":{"line":144,"type":"cond-expr","locations":[{"start":{"line":144,"column":27},"end":{"line":144,"column":18}},{"start":{"line":145,"column":27},"end":{"line":144,"column":8}}]},"36":{"line":149,"type":"binary-expr","locations":[{"start":{"line":149,"column":23},"end":{"line":149,"column":37}},{"start":{"line":149,"column":37},"end":{"line":149,"column":8}}]},"37":{"line":175,"type":"if","locations":[{"start":{"line":175,"column":17},"end":{"line":175,"column":17}},{"start":{"line":175,"column":17},"end":{"line":175,"column":17}}]}}},"/Library/WebServer/Documents/widget/src/version.js":{"path":"/Library/WebServer/Documents/widget/src/version.js","s":{"1":1},"b":{},"f":{},"fnMap":{},"statementMap":{"1":{"start":{"line":1,"column":0},"end":{"line":null,"column":null}}},"branchMap":{}}}