{"/Library/WebServer/Documents/widget/src/version.js":{"path":"/Library/WebServer/Documents/widget/src/version.js","s":{"1":1},"b":{},"f":{},"fnMap":{},"statementMap":{"1":{"start":{"line":1,"column":0},"end":{"line":null,"column":null}}},"branchMap":{}},"/Library/WebServer/Documents/widget/src/baseWidget.js":{"path":"/Library/WebServer/Documents/widget/src/baseWidget.js","s":{"1":1,"2":1,"3":1,"4":2,"5":3,"6":3,"7":3,"8":3,"9":3,"10":3,"11":1,"12":2,"13":2,"14":2,"15":0,"16":2,"17":1,"18":1,"19":1,"20":1,"21":1,"22":1,"23":1,"24":1,"25":3,"26":1,"27":1,"28":0,"29":1,"30":1,"31":1,"32":1,"33":0,"34":0,"35":0,"36":0,"37":0,"38":0,"39":0,"40":0,"41":0,"42":0,"43":0,"44":0,"45":0,"46":1,"47":0,"48":1,"49":0,"50":0,"51":1,"52":0,"53":1,"54":1,"55":1,"56":1,"57":1,"58":1,"59":1,"60":1,"61":1,"62":1,"63":1,"64":1,"65":1,"66":1,"67":1,"68":1,"69":1,"70":1,"71":1,"72":1,"73":1,"74":1,"75":1,"76":1,"77":1,"78":1,"79":1,"80":1,"81":1,"82":1,"83":1,"84":1,"85":1,"86":1,"87":1,"88":1,"89":0,"90":1,"91":1,"92":1,"93":1,"94":1,"95":1,"96":1,"97":1,"98":1,"99":1,"100":1,"101":1,"102":1,"103":1,"104":1,"105":1,"106":1,"107":1,"108":1,"109":1,"110":1,"111":1,"112":1,"113":1,"114":1,"115":0,"116":0,"117":0,"118":0,"119":0,"120":0,"121":0,"122":1,"123":1,"124":1,"125":1,"126":1},"b":{"1":[3,3],"2":[3,0],"3":[2,0],"4":[0,2],"5":[1,2],"6":[3,3],"7":[0,1],"8":[0,0],"9":[0,0],"10":[0,0],"11":[0,0],"12":[0,1],"13":[0,1],"14":[1,1],"15":[0,1],"16":[0,1],"17":[1,1],"18":[1,0],"19":[0,1],"20":[1,0],"21":[1,0],"22":[1,0],"23":[1,0],"24":[1,0],"25":[1,0],"26":[1,0],"27":[1,0],"28":[1,0],"29":[0,1],"30":[1,0],"31":[0,1],"32":[1,0],"33":[0,1],"34":[0,1],"35":[0,1],"36":[1,1],"37":[0,0]},"f":{"1":1,"2":2,"3":2,"4":3,"5":1,"6":1,"7":0,"8":0,"9":1,"10":1,"11":1,"12":0,"13":0},"fnMap":{"1":{"name":"(anonymous_1)","line":0,"loc":{"start":{"line":0,"column":0},"end":{"line":0,"column":0}},"skip":true},"2":{"name":"defineProperties","line":0,"loc":{"start":{"line":0,"column":0},"end":{"line":0,"column":0}},"skip":true},"3":{"name":"(anonymous_3)","line":0,"loc":{"start":{"line":0,"column":0},"end":{"line":0,"column":0}},"skip":true},"4":{"name":"_interopRequireDefault","line":0,"loc":{"start":{"line":0,"column":0},"end":{"line":0,"column":0}},"skip":true},"5":{"name":"_classCallCheck","line":0,"loc":{"start":{"line":0,"column":0},"end":{"line":0,"column":0}},"skip":true},"6":{"name":"(anonymous_6)","line":0,"loc":{"start":{"line":0,"column":0},"end":{"line":0,"column":0}},"skip":true},"7":{"name":"attach","line":31,"loc":{"start":{"line":31,"column":4},"end":{"line":31,"column":4}}},"8":{"name":"(anonymous_8)","line":41,"loc":{"start":{"line":41,"column":28},"end":{"line":42,"column":12}}},"9":{"name":"checkTarget","line":67,"loc":{"start":{"line":67,"column":17},"end":{"line":68,"column":4}}},"10":{"name":"StylaWidget","line":114,"loc":{"start":{"line":114,"column":4},"end":{"line":114,"column":4}}},"11":{"name":"(anonymous_11)","line":148,"loc":{"start":{"line":148,"column":49},"end":{"line":149,"column":8}}},"12":{"name":"destroy","line":167,"loc":{"start":{"line":167,"column":4},"end":{"line":167,"column":4}}},"13":{"name":"(anonymous_13)","line":170,"loc":{"start":{"line":170,"column":37},"end":{"line":171,"column":8}}}},"statementMap":{"1":{"start":{"line":0,"column":0},"end":{"line":0,"column":0},"skip":true},"2":{"start":{"line":0,"column":0},"end":{"line":0,"column":0},"skip":true},"3":{"start":{"line":0,"column":0},"end":{"line":0,"column":0},"skip":true},"4":{"start":{"line":0,"column":0},"end":{"line":0,"column":0},"skip":true},"5":{"start":{"line":0,"column":0},"end":{"line":0,"column":0},"skip":true},"6":{"start":{"line":0,"column":0},"end":{"line":0,"column":0},"skip":true},"7":{"start":{"line":0,"column":0},"end":{"line":0,"column":0},"skip":true},"8":{"start":{"line":0,"column":0},"end":{"line":0,"column":0},"skip":true},"9":{"start":{"line":0,"column":0},"end":{"line":0,"column":0},"skip":true},"10":{"start":{"line":0,"column":0},"end":{"line":0,"column":0},"skip":true},"11":{"start":{"line":0,"column":0},"end":{"line":0,"column":0},"skip":true},"12":{"start":{"line":0,"column":0},"end":{"line":0,"column":0},"skip":true},"13":{"start":{"line":0,"column":0},"end":{"line":0,"column":0},"skip":true},"14":{"start":{"line":0,"column":0},"end":{"line":0,"column":0},"skip":true},"15":{"start":{"line":0,"column":0},"end":{"line":0,"column":0},"skip":true},"16":{"start":{"line":0,"column":0},"end":{"line":0,"column":0},"skip":true},"17":{"start":{"line":11,"column":0},"end":{"line":null,"column":null}},"18":{"start":{"line":0,"column":0},"end":{"line":0,"column":0},"skip":true},"19":{"start":{"line":12,"column":0},"end":{"line":null,"column":null}},"20":{"start":{"line":0,"column":0},"end":{"line":0,"column":0},"skip":true},"21":{"start":{"line":13,"column":0},"end":{"line":null,"column":null}},"22":{"start":{"line":0,"column":0},"end":{"line":0,"column":0},"skip":true},"23":{"start":{"line":15,"column":0},"end":{"line":null,"column":null}},"24":{"start":{"line":0,"column":0},"end":{"line":0,"column":0},"skip":true},"25":{"start":{"line":0,"column":0},"end":{"line":0,"column":0},"skip":true},"26":{"start":{"line":0,"column":0},"end":{"line":0,"column":0},"skip":true},"27":{"start":{"line":0,"column":0},"end":{"line":0,"column":0},"skip":true},"28":{"start":{"line":0,"column":0},"end":{"line":0,"column":0},"skip":true},"29":{"start":{"line":17,"column":0},"end":{"line":null,"column":null}},"30":{"start":{"line":18,"column":0},"end":{"line":null,"column":null}},"31":{"start":{"line":20,"column":6},"end":{"line":null,"column":null}},"32":{"start":{"line":0,"column":0},"end":{"line":0,"column":0},"skip":true},"33":{"start":{"line":30,"column":12},"end":{"line":null,"column":null}},"34":{"start":{"line":32,"column":22},"end":{"line":null,"column":null}},"35":{"start":{"line":34,"column":12},"end":{"line":null,"column":null}},"36":{"start":{"line":35,"column":12},"end":{"line":null,"column":null}},"37":{"start":{"line":37,"column":13},"end":{"line":null,"column":null}},"38":{"start":{"line":39,"column":16},"end":{"line":null,"column":null}},"39":{"start":{"line":41,"column":19},"end":{"line":null,"column":null}},"40":{"start":{"line":43,"column":21},"end":{"line":null,"column":null}},"41":{"start":{"line":46,"column":17},"end":{"line":null,"column":null}},"42":{"start":{"line":48,"column":21},"end":{"line":null,"column":null}},"43":{"start":{"line":51,"column":17},"end":{"line":null,"column":null}},"44":{"start":{"line":52,"column":19},"end":{"line":null,"column":null}},"45":{"start":{"line":55,"column":15},"end":{"line":null,"column":null}},"46":{"start":{"line":69,"column":13},"end":{"line":null,"column":null}},"47":{"start":{"line":71,"column":19},"end":{"line":null,"column":null}},"48":{"start":{"line":74,"column":13},"end":{"line":null,"column":null}},"49":{"start":{"line":76,"column":20},"end":{"line":null,"column":null}},"50":{"start":{"line":77,"column":19},"end":{"line":null,"column":null}},"51":{"start":{"line":79,"column":13},"end":{"line":null,"column":null}},"52":{"start":{"line":0,"column":0},"end":{"line":0,"column":0},"skip":true},"53":{"start":{"line":84,"column":15},"end":{"line":null,"column":null}},"54":{"start":{"line":114,"column":4},"end":{"line":null,"column":null}},"55":{"start":{"line":113,"column":24},"end":{"line":null,"column":null}},"56":{"start":{"line":98,"column":20},"end":{"line":null,"column":null}},"57":{"start":{"line":98,"column":20},"end":{"line":null,"column":null}},"58":{"start":{"line":99,"column":20},"end":{"line":null,"column":null}},"59":{"start":{"line":99,"column":20},"end":{"line":null,"column":null}},"60":{"start":{"line":100,"column":20},"end":{"line":null,"column":null}},"61":{"start":{"line":100,"column":20},"end":{"line":null,"column":null}},"62":{"start":{"line":101,"column":20},"end":{"line":null,"column":null}},"63":{"start":{"line":101,"column":20},"end":{"line":null,"column":null}},"64":{"start":{"line":102,"column":20},"end":{"line":null,"column":null}},"65":{"start":{"line":102,"column":20},"end":{"line":null,"column":null}},"66":{"start":{"line":103,"column":20},"end":{"line":null,"column":null}},"67":{"start":{"line":103,"column":20},"end":{"line":null,"column":null}},"68":{"start":{"line":104,"column":20},"end":{"line":null,"column":null}},"69":{"start":{"line":104,"column":20},"end":{"line":null,"column":null}},"70":{"start":{"line":105,"column":20},"end":{"line":null,"column":null}},"71":{"start":{"line":105,"column":20},"end":{"line":null,"column":null}},"72":{"start":{"line":106,"column":20},"end":{"line":null,"column":null}},"73":{"start":{"line":106,"column":20},"end":{"line":null,"column":null}},"74":{"start":{"line":107,"column":20},"end":{"line":null,"column":null}},"75":{"start":{"line":107,"column":20},"end":{"line":null,"column":null}},"76":{"start":{"line":108,"column":20},"end":{"line":null,"column":null}},"77":{"start":{"line":108,"column":20},"end":{"line":null,"column":null}},"78":{"start":{"line":109,"column":20},"end":{"line":null,"column":null}},"79":{"start":{"line":109,"column":20},"end":{"line":null,"column":null}},"80":{"start":{"line":110,"column":20},"end":{"line":null,"column":null}},"81":{"start":{"line":110,"column":20},"end":{"line":null,"column":null}},"82":{"start":{"line":111,"column":20},"end":{"line":null,"column":null}},"83":{"start":{"line":111,"column":20},"end":{"line":null,"column":null}},"84":{"start":{"line":112,"column":20},"end":{"line":null,"column":null}},"85":{"start":{"line":112,"column":20},"end":{"line":null,"column":null}},"86":{"start":{"line":0,"column":0},"end":{"line":0,"column":0},"skip":true},"87":{"start":{"line":115,"column":17},"end":{"line":null,"column":null}},"88":{"start":{"line":117,"column":13},"end":{"line":null,"column":null}},"89":{"start":{"line":0,"column":0},"end":{"line":0,"column":0},"skip":true},"90":{"start":{"line":122,"column":13},"end":{"line":null,"column":null}},"91":{"start":{"line":123,"column":13},"end":{"line":null,"column":null}},"92":{"start":{"line":124,"column":13},"end":{"line":null,"column":null}},"93":{"start":{"line":125,"column":13},"end":{"line":null,"column":null}},"94":{"start":{"line":126,"column":13},"end":{"line":null,"column":null}},"95":{"start":{"line":127,"column":13},"end":{"line":null,"column":null}},"96":{"start":{"line":128,"column":13},"end":{"line":null,"column":null}},"97":{"start":{"line":130,"column":12},"end":{"line":null,"column":null}},"98":{"start":{"line":132,"column":13},"end":{"line":null,"column":null}},"99":{"start":{"line":133,"column":13},"end":{"line":null,"column":null}},"100":{"start":{"line":134,"column":13},"end":{"line":null,"column":null}},"101":{"start":{"line":135,"column":13},"end":{"line":null,"column":null}},"102":{"start":{"line":136,"column":13},"end":{"line":null,"column":null}},"103":{"start":{"line":137,"column":13},"end":{"line":null,"column":null}},"104":{"start":{"line":138,"column":13},"end":{"line":null,"column":null}},"105":{"start":{"line":139,"column":13},"end":{"line":null,"column":null}},"106":{"start":{"line":140,"column":13},"end":{"line":null,"column":null}},"107":{"start":{"line":141,"column":13},"end":{"line":null,"column":null}},"108":{"start":{"line":143,"column":12},"end":{"line":null,"column":null}},"109":{"start":{"line":146,"column":12},"end":{"line":null,"column":null}},"110":{"start":{"line":148,"column":13},"end":{"line":null,"column":null}},"111":{"start":{"line":150,"column":16},"end":{"line":null,"column":null}},"112":{"start":{"line":153,"column":15},"end":{"line":null,"column":null}},"113":{"start":{"line":155,"column":15},"end":{"line":null,"column":null}},"114":{"start":{"line":0,"column":0},"end":{"line":0,"column":0},"skip":true},"115":{"start":{"line":168,"column":12},"end":{"line":null,"column":null}},"116":{"start":{"line":170,"column":15},"end":{"line":null,"column":null}},"117":{"start":{"line":172,"column":16},"end":{"line":null,"column":null}},"118":{"start":{"line":173,"column":16},"end":{"line":null,"column":null}},"119":{"start":{"line":175,"column":17},"end":{"line":null,"column":null}},"120":{"start":{"line":177,"column":23},"end":{"line":null,"column":null}},"121":{"start":{"line":181,"column":15},"end":{"line":null,"column":null}},"122":{"start":{"line":0,"column":0},"end":{"line":0,"column":0},"skip":true},"123":{"start":{"line":185,"column":0},"end":{"line":null,"column":null}},"124":{"start":{"line":187,"column":0},"end":{"line":null,"column":null}},"125":{"start":{"line":189,"column":0},"end":{"line":null,"column":null}},"126":{"start":{"line":191,"column":15},"end":{"line":null,"column":null}}},"branchMap":{"1":{"line":0,"type":"binary-expr","locations":[{"start":{"line":0,"column":0},"end":{"line":0,"column":0},"skip":true},{"start":{"line":0,"column":0},"end":{"line":0,"column":0},"skip":true}]},"2":{"line":0,"type":"if","locations":[{"start":{"line":0,"column":0},"end":{"line":0,"column":0},"skip":true},{"start":{"line":0,"column":0},"end":{"line":0,"column":0},"skip":true}]},"3":{"line":0,"type":"if","locations":[{"start":{"line":0,"column":0},"end":{"line":0,"column":0},"skip":true},{"start":{"line":0,"column":0},"end":{"line":0,"column":0},"skip":true}]},"4":{"line":0,"type":"if","locations":[{"start":{"line":0,"column":0},"end":{"line":0,"column":0},"skip":true},{"start":{"line":0,"column":0},"end":{"line":0,"column":0},"skip":true}]},"5":{"line":0,"type":"cond-expr","locations":[{"start":{"line":0,"column":0},"end":{"line":0,"column":0},"skip":true},{"start":{"line":0,"column":0},"end":{"line":0,"column":0},"skip":true}]},"6":{"line":0,"type":"binary-expr","locations":[{"start":{"line":0,"column":0},"end":{"line":0,"column":0},"skip":true},{"start":{"line":0,"column":0},"end":{"line":0,"column":0},"skip":true}]},"7":{"line":0,"type":"if","locations":[{"start":{"line":0,"column":0},"end":{"line":0,"column":0},"skip":true},{"start":{"line":0,"column":0},"end":{"line":0,"column":0},"skip":true}]},"8":{"line":30,"type":"cond-expr","locations":[{"start":{"line":30,"column":21},"end":{"line":31,"column":4}},{"start":{"line":0,"column":0},"end":{"line":0,"column":0},"skip":true}]},"9":{"line":30,"type":"binary-expr","locations":[{"start":{"line":30,"column":21},"end":{"line":30,"column":21}},{"start":{"line":30,"column":21},"end":{"line":30,"column":21}}]},"10":{"line":37,"type":"if","locations":[{"start":{"line":37,"column":13},"end":{"line":37,"column":13}},{"start":{"line":37,"column":13},"end":{"line":37,"column":13}}]},"11":{"line":46,"type":"if","locations":[{"start":{"line":46,"column":17},"end":{"line":46,"column":17}},{"start":{"line":46,"column":17},"end":{"line":46,"column":17}}]},"12":{"line":69,"type":"if","locations":[{"start":{"line":69,"column":13},"end":{"line":69,"column":13}},{"start":{"line":69,"column":13},"end":{"line":69,"column":13}}]},"13":{"line":74,"type":"if","locations":[{"start":{"line":74,"column":13},"end":{"line":74,"column":13}},{"start":{"line":74,"column":13},"end":{"line":74,"column":13}}]},"14":{"line":74,"type":"binary-expr","locations":[{"start":{"line":74,"column":13},"end":{"line":74,"column":46}},{"start":{"line":74,"column":46},"end":{"line":74,"column":8}}]},"15":{"line":79,"type":"if","locations":[{"start":{"line":79,"column":13},"end":{"line":79,"column":13}},{"start":{"line":79,"column":13},"end":{"line":79,"column":13}}]},"16":{"line":113,"type":"cond-expr","locations":[{"start":{"line":113,"column":24},"end":{"line":114,"column":4}},{"start":{"line":0,"column":0},"end":{"line":0,"column":0},"skip":true}]},"17":{"line":113,"type":"binary-expr","locations":[{"start":{"line":113,"column":24},"end":{"line":113,"column":24}},{"start":{"line":113,"column":24},"end":{"line":113,"column":24}}]},"18":{"line":98,"type":"cond-expr","locations":[{"start":{"line":98,"column":34},"end":{"line":114,"column":4}},{"start":{"line":0,"column":0},"end":{"line":0,"column":0},"skip":true}]},"19":{"line":99,"type":"cond-expr","locations":[{"start":{"line":99,"column":34},"end":{"line":114,"column":4}},{"start":{"line":0,"column":0},"end":{"line":0,"column":0},"skip":true}]},"20":{"line":100,"type":"cond-expr","locations":[{"start":{"line":100,"column":34},"end":{"line":114,"column":4}},{"start":{"line":0,"column":0},"end":{"line":0,"column":0},"skip":true}]},"21":{"line":101,"type":"cond-expr","locations":[{"start":{"line":101,"column":34},"end":{"line":114,"column":4}},{"start":{"line":0,"column":0},"end":{"line":0,"column":0},"skip":true}]},"22":{"line":102,"type":"cond-expr","locations":[{"start":{"line":102,"column":34},"end":{"line":114,"column":4}},{"start":{"line":0,"column":0},"end":{"line":0,"column":0},"skip":true}]},"23":{"line":103,"type":"cond-expr","locations":[{"start":{"line":103,"column":34},"end":{"line":114,"column":4}},{"start":{"line":0,"column":0},"end":{"line":0,"column":0},"skip":true}]},"24":{"line":104,"type":"cond-expr","locations":[{"start":{"line":104,"column":34},"end":{"line":114,"column":4}},{"start":{"line":0,"column":0},"end":{"line":0,"column":0},"skip":true}]},"25":{"line":105,"type":"cond-expr","locations":[{"start":{"line":105,"column":34},"end":{"line":114,"column":4}},{"start":{"line":0,"column":0},"end":{"line":0,"column":0},"skip":true}]},"26":{"line":106,"type":"cond-expr","locations":[{"start":{"line":106,"column":34},"end":{"line":114,"column":4}},{"start":{"line":0,"column":0},"end":{"line":0,"column":0},"skip":true}]},"27":{"line":107,"type":"cond-expr","locations":[{"start":{"line":107,"column":34},"end":{"line":114,"column":4}},{"start":{"line":0,"column":0},"end":{"line":0,"column":0},"skip":true}]},"28":{"line":108,"type":"cond-expr","locations":[{"start":{"line":108,"column":34},"end":{"line":114,"column":4}},{"start":{"line":0,"column":0},"end":{"line":0,"column":0},"skip":true}]},"29":{"line":109,"type":"cond-expr","locations":[{"start":{"line":109,"column":34},"end":{"line":114,"column":4}},{"start":{"line":0,"column":0},"end":{"line":0,"column":0},"skip":true}]},"30":{"line":110,"type":"cond-expr","locations":[{"start":{"line":110,"column":34},"end":{"line":114,"column":4}},{"start":{"line":0,"column":0},"end":{"line":0,"column":0},"skip":true}]},"31":{"line":111,"type":"cond-expr","locations":[{"start":{"line":111,"column":34},"end":{"line":114,"column":4}},{"start":{"line":0,"column":0},"end":{"line":0,"column":0},"skip":true}]},"32":{"line":112,"type":"cond-expr","locations":[{"start":{"line":112,"column":34},"end":{"line":114,"column":4}},{"start":{"line":0,"column":0},"end":{"line":0,"column":0},"skip":true}]},"33":{"line":117,"type":"if","locations":[{"start":{"line":117,"column":13},"end":{"line":117,"column":13}},{"start":{"line":117,"column":13},"end":{"line":117,"column":13}}]},"34":{"line":130,"type":"cond-expr","locations":[{"start":{"line":130,"column":35},"end":{"line":130,"column":26}},{"start":{"line":130,"column":39},"end":{"line":130,"column":8}}]},"35":{"line":143,"type":"cond-expr","locations":[{"start":{"line":143,"column":27},"end":{"line":143,"column":18}},{"start":{"line":144,"column":27},"end":{"line":143,"column":8}}]},"36":{"line":148,"type":"binary-expr","locations":[{"start":{"line":148,"column":23},"end":{"line":148,"column":37}},{"start":{"line":148,"column":37},"end":{"line":148,"column":8}}]},"37":{"line":175,"type":"if","locations":[{"start":{"line":175,"column":17},"end":{"line":175,"column":17}},{"start":{"line":175,"column":17},"end":{"line":175,"column":17}}]}}},"/Library/WebServer/Documents/widget/src/classes.js":{"path":"/Library/WebServer/Documents/widget/src/classes.js","s":{"1":1},"b":{},"f":{},"fnMap":{},"statementMap":{"1":{"start":{"line":7,"column":0},"end":{"line":null,"column":null}}},"branchMap":{}},"/Library/WebServer/Documents/widget/src/build.js":{"path":"/Library/WebServer/Documents/widget/src/build.js","s":{"1":1,"2":1,"3":1,"4":2,"5":14,"6":14,"7":14,"8":14,"9":14,"10":14,"11":1,"12":2,"13":2,"14":2,"15":0,"16":2,"17":1,"18":1,"19":1,"20":1,"21":1,"22":1,"23":3,"24":0,"25":1,"26":1,"27":1,"28":1,"29":0,"30":1,"31":1,"32":17,"33":17,"34":17,"35":17,"36":17,"37":17,"38":15,"39":15,"40":15,"41":15,"42":15,"43":15,"44":15,"45":15,"46":15,"47":15,"48":15,"49":15,"50":4,"51":4,"52":4,"53":1,"54":3,"55":3,"56":3,"57":3,"58":3,"59":3,"60":3,"61":3,"62":2,"63":2,"64":50,"65":2,"66":2,"67":2,"68":2,"69":2,"70":2,"71":1,"72":15,"73":15,"74":15,"75":15,"76":15,"77":15,"78":15,"79":15,"80":14,"81":14,"82":14,"83":14,"84":14,"85":1,"86":13,"87":1,"88":14,"89":14,"90":14,"91":14,"92":14,"93":14,"94":14,"95":14,"96":1,"97":1,"98":16,"99":16,"100":16,"101":16,"102":16,"103":16,"104":16,"105":16,"106":15,"107":15,"108":16,"109":16,"110":16,"111":16,"112":7,"113":7,"114":7,"115":7,"116":7,"117":7,"118":3,"119":3,"120":3,"121":1,"122":3,"123":1,"124":1,"125":1,"126":1,"127":3,"128":4,"129":4,"130":4,"131":4,"132":4,"133":3,"134":4,"135":4,"136":4,"137":4,"138":1,"139":3,"140":3,"141":3,"142":3,"143":3,"144":3,"145":3,"146":1,"147":1,"148":1,"149":1,"150":1,"151":1,"152":1,"153":1,"154":2,"155":1,"156":163,"157":163,"158":144,"159":163,"160":21,"161":21,"162":21,"163":2,"164":19,"165":19,"166":19,"167":19,"168":3,"169":16,"170":17,"171":17,"172":5,"173":5,"174":5,"175":5,"176":5,"177":1,"178":10,"179":10,"180":2,"181":2,"182":2,"183":2,"184":10,"185":5,"186":5,"187":5,"188":5,"189":4,"190":5,"191":14,"192":5,"193":6,"194":6,"195":6,"196":6,"197":6,"198":6,"199":6,"200":6,"201":7,"202":6,"203":6,"204":6,"205":2,"206":1,"207":1,"208":1,"209":0,"210":2,"211":2,"212":4,"213":1,"214":1,"215":1},"b":{"1":[14,14],"2":[14,0],"3":[2,0],"4":[0,2],"5":[0,1],"6":[1,1],"7":[0,3],"8":[15,5],"9":[1,3],"10":[4,3],"11":[1,3],"12":[2,1],"13":[3,12],"14":[15,12],"15":[14,1],"16":[15,15],"17":[1,13],"18":[1,12],"19":[1,15],"20":[16,15],"21":[15,1],"22":[3,2],"23":[1,2],"24":[3,1],"25":[1,2],"26":[3,1],"27":[1,2],"28":[144,19],"29":[17,4],"30":[21,4],"31":[2,19],"32":[3,16],"33":[19,16],"34":[1,16],"35":[17,16],"36":[2,8],"37":[5,3],"38":[4,1],"39":[5,1],"40":[2,4],"41":[1,1],"42":[1,0]},"f":{"1":1,"2":2,"3":2,"4":1,"5":3,"6":0,"7":1,"8":17,"9":15,"10":4,"11":50,"12":15,"13":16,"14":7,"15":3,"16":4,"17":3,"18":163,"19":21,"20":17,"21":5,"22":10,"23":14,"24":6,"25":7},"fnMap":{"1":{"name":"(anonymous_1)","line":0,"loc":{"start":{"line":0,"column":0},"end":{"line":0,"column":0}},"skip":true},"2":{"name":"defineProperties","line":0,"loc":{"start":{"line":0,"column":0},"end":{"line":0,"column":0}},"skip":true},"3":{"name":"(anonymous_3)","line":0,"loc":{"start":{"line":0,"column":0},"end":{"line":0,"column":0}},"skip":true},"4":{"name":"_interopRequireDefault","line":0,"loc":{"start":{"line":0,"column":0},"end":{"line":0,"column":0}},"skip":true},"5":{"name":"_classCallCheck","line":0,"loc":{"start":{"line":0,"column":0},"end":{"line":0,"column":0}},"skip":true},"6":{"name":"_reportError","line":20,"loc":{"start":{"line":20,"column":26},"end":{"line":20,"column":39}},"skip":true},"7":{"name":"(anonymous_7)","line":0,"loc":{"start":{"line":0,"column":0},"end":{"line":0,"column":0}},"skip":true},"8":{"name":"buildHeadline","line":35,"loc":{"start":{"line":35,"column":19},"end":{"line":36,"column":4}}},"9":{"name":"buildImage","line":61,"loc":{"start":{"line":61,"column":16},"end":{"line":62,"column":4}}},"10":{"name":"buildStories","line":94,"loc":{"start":{"line":94,"column":4},"end":{"line":94,"column":4}}},"11":{"name":"(anonymous_11)","line":116,"loc":{"start":{"line":116,"column":31},"end":{"line":116,"column":45}}},"12":{"name":"buildStory","line":144,"loc":{"start":{"line":144,"column":4},"end":{"line":144,"column":4}}},"13":{"name":"buildStoryText","line":198,"loc":{"start":{"line":198,"column":20},"end":{"line":199,"column":4}}},"14":{"name":"buildStyleTag","line":233,"loc":{"start":{"line":233,"column":19},"end":{"line":234,"column":4}}},"15":{"name":"buildTitle","line":255,"loc":{"start":{"line":255,"column":16},"end":{"line":256,"column":4}}},"16":{"name":"compileStyles","line":286,"loc":{"start":{"line":286,"column":4},"end":{"line":286,"column":4}}},"17":{"name":"Build","line":335,"loc":{"start":{"line":335,"column":17},"end":{"line":336,"column":4}}},"18":{"name":"create","line":373,"loc":{"start":{"line":373,"column":12},"end":{"line":374,"column":4}}},"19":{"name":"getDescription","line":396,"loc":{"start":{"line":396,"column":20},"end":{"line":397,"column":4}}},"20":{"name":"getImageUrl","line":428,"loc":{"start":{"line":428,"column":17},"end":{"line":429,"column":4}}},"21":{"name":"includeBaseStyles","line":441,"loc":{"start":{"line":441,"column":23},"end":{"line":442,"column":4}}},"22":{"name":"_addBaseStyle","line":449,"loc":{"start":{"line":449,"column":17},"end":{"line":450,"column":8}}},"23":{"name":"(anonymous_23)","line":477,"loc":{"start":{"line":477,"column":26},"end":{"line":null,"column":null}}},"24":{"name":"includeFonts","line":491,"loc":{"start":{"line":491,"column":4},"end":{"line":491,"column":4}}},"25":{"name":"setDomain","line":515,"loc":{"start":{"line":515,"column":4},"end":{"line":515,"column":4}}}},"statementMap":{"1":{"start":{"line":0,"column":0},"end":{"line":0,"column":0},"skip":true},"2":{"start":{"line":0,"column":0},"end":{"line":0,"column":0},"skip":true},"3":{"start":{"line":0,"column":0},"end":{"line":0,"column":0},"skip":true},"4":{"start":{"line":0,"column":0},"end":{"line":0,"column":0},"skip":true},"5":{"start":{"line":0,"column":0},"end":{"line":0,"column":0},"skip":true},"6":{"start":{"line":0,"column":0},"end":{"line":0,"column":0},"skip":true},"7":{"start":{"line":0,"column":0},"end":{"line":0,"column":0},"skip":true},"8":{"start":{"line":0,"column":0},"end":{"line":0,"column":0},"skip":true},"9":{"start":{"line":0,"column":0},"end":{"line":0,"column":0},"skip":true},"10":{"start":{"line":0,"column":0},"end":{"line":0,"column":0},"skip":true},"11":{"start":{"line":0,"column":0},"end":{"line":0,"column":0},"skip":true},"12":{"start":{"line":0,"column":0},"end":{"line":0,"column":0},"skip":true},"13":{"start":{"line":0,"column":0},"end":{"line":0,"column":0},"skip":true},"14":{"start":{"line":0,"column":0},"end":{"line":0,"column":0},"skip":true},"15":{"start":{"line":0,"column":0},"end":{"line":0,"column":0},"skip":true},"16":{"start":{"line":0,"column":0},"end":{"line":0,"column":0},"skip":true},"17":{"start":{"line":8,"column":0},"end":{"line":null,"column":null}},"18":{"start":{"line":0,"column":0},"end":{"line":0,"column":0},"skip":true},"19":{"start":{"line":9,"column":0},"end":{"line":null,"column":null}},"20":{"start":{"line":0,"column":0},"end":{"line":0,"column":0},"skip":true},"21":{"start":{"line":0,"column":0},"end":{"line":0,"column":0},"skip":true},"22":{"start":{"line":0,"column":0},"end":{"line":0,"column":0},"skip":true},"23":{"start":{"line":0,"column":0},"end":{"line":0,"column":0},"skip":true},"24":{"start":{"line":0,"column":0},"end":{"line":0,"column":0},"skip":true},"25":{"start":{"line":15,"column":0},"end":{"line":null,"column":null}},"26":{"start":{"line":16,"column":0},"end":{"line":null,"column":null}},"27":{"start":{"line":17,"column":0},"end":{"line":null,"column":null}},"28":{"start":{"line":20,"column":0},"end":{"line":null,"column":null},"skip":true},"29":{"start":{"line":20,"column":49},"end":{"line":null,"column":null},"skip":true},"30":{"start":{"line":23,"column":6},"end":{"line":null,"column":null}},"31":{"start":{"line":0,"column":0},"end":{"line":0,"column":0},"skip":true},"32":{"start":{"line":37,"column":12},"end":{"line":null,"column":null}},"33":{"start":{"line":38,"column":12},"end":{"line":null,"column":null}},"34":{"start":{"line":39,"column":12},"end":{"line":null,"column":null}},"35":{"start":{"line":41,"column":17},"end":{"line":null,"column":null}},"36":{"start":{"line":43,"column":24},"end":{"line":null,"column":null}},"37":{"start":{"line":45,"column":15},"end":{"line":null,"column":null}},"38":{"start":{"line":63,"column":12},"end":{"line":null,"column":null}},"39":{"start":{"line":64,"column":12},"end":{"line":null,"column":null}},"40":{"start":{"line":65,"column":12},"end":{"line":null,"column":null}},"41":{"start":{"line":66,"column":12},"end":{"line":null,"column":null}},"42":{"start":{"line":67,"column":12},"end":{"line":null,"column":null}},"43":{"start":{"line":69,"column":12},"end":{"line":null,"column":null}},"44":{"start":{"line":71,"column":12},"end":{"line":null,"column":null}},"45":{"start":{"line":72,"column":14},"end":{"line":null,"column":null}},"46":{"start":{"line":73,"column":14},"end":{"line":null,"column":null}},"47":{"start":{"line":74,"column":14},"end":{"line":null,"column":null}},"48":{"start":{"line":76,"column":21},"end":{"line":null,"column":null}},"49":{"start":{"line":78,"column":15},"end":{"line":null,"column":null}},"50":{"start":{"line":93,"column":18},"end":{"line":null,"column":null}},"51":{"start":{"line":95,"column":23},"end":{"line":null,"column":null}},"52":{"start":{"line":97,"column":13},"end":{"line":null,"column":null}},"53":{"start":{"line":0,"column":0},"end":{"line":0,"column":0},"skip":true},"54":{"start":{"line":102,"column":12},"end":{"line":null,"column":null}},"55":{"start":{"line":103,"column":12},"end":{"line":null,"column":null}},"56":{"start":{"line":104,"column":12},"end":{"line":null,"column":null}},"57":{"start":{"line":105,"column":12},"end":{"line":null,"column":null}},"58":{"start":{"line":106,"column":12},"end":{"line":null,"column":null}},"59":{"start":{"line":108,"column":16},"end":{"line":null,"column":null}},"60":{"start":{"line":110,"column":13},"end":{"line":null,"column":null}},"61":{"start":{"line":112,"column":13},"end":{"line":null,"column":null}},"62":{"start":{"line":114,"column":20},"end":{"line":null,"column":null}},"63":{"start":{"line":116,"column":22},"end":{"line":null,"column":null}},"64":{"start":{"line":116,"column":55},"end":{"line":null,"column":null}},"65":{"start":{"line":117,"column":20},"end":{"line":null,"column":null}},"66":{"start":{"line":119,"column":16},"end":{"line":null,"column":null}},"67":{"start":{"line":120,"column":16},"end":{"line":null,"column":null}},"68":{"start":{"line":122,"column":21},"end":{"line":null,"column":null}},"69":{"start":{"line":123,"column":20},"end":{"line":null,"column":null}},"70":{"start":{"line":125,"column":19},"end":{"line":null,"column":null}},"71":{"start":{"line":128,"column":15},"end":{"line":null,"column":null}},"72":{"start":{"line":143,"column":18},"end":{"line":null,"column":null}},"73":{"start":{"line":143,"column":25},"end":{"line":null,"column":null}},"74":{"start":{"line":143,"column":38},"end":{"line":null,"column":null}},"75":{"start":{"line":143,"column":46},"end":{"line":null,"column":null}},"76":{"start":{"line":143,"column":65},"end":{"line":null,"column":null}},"77":{"start":{"line":143,"column":71},"end":{"line":null,"column":null}},"78":{"start":{"line":145,"column":12},"end":{"line":null,"column":null}},"79":{"start":{"line":147,"column":13},"end":{"line":null,"column":null}},"80":{"start":{"line":149,"column":16},"end":{"line":null,"column":null}},"81":{"start":{"line":151,"column":16},"end":{"line":null,"column":null}},"82":{"start":{"line":152,"column":16},"end":{"line":null,"column":null}},"83":{"start":{"line":154,"column":22},"end":{"line":null,"column":null}},"84":{"start":{"line":156,"column":17},"end":{"line":null,"column":null}},"85":{"start":{"line":158,"column":26},"end":{"line":null,"column":null}},"86":{"start":{"line":160,"column":17},"end":{"line":null,"column":null}},"87":{"start":{"line":162,"column":26},"end":{"line":null,"column":null}},"88":{"start":{"line":165,"column":18},"end":{"line":null,"column":null}},"89":{"start":{"line":167,"column":22},"end":{"line":null,"column":null}},"90":{"start":{"line":168,"column":22},"end":{"line":null,"column":null}},"91":{"start":{"line":170,"column":16},"end":{"line":null,"column":null}},"92":{"start":{"line":171,"column":16},"end":{"line":null,"column":null}},"93":{"start":{"line":173,"column":22},"end":{"line":null,"column":null}},"94":{"start":{"line":174,"column":20},"end":{"line":null,"column":null}},"95":{"start":{"line":176,"column":19},"end":{"line":null,"column":null}},"96":{"start":{"line":180,"column":17},"end":{"line":null,"column":null}},"97":{"start":{"line":182,"column":19},"end":{"line":null,"column":null}},"98":{"start":{"line":198,"column":27},"end":{"line":null,"column":null}},"99":{"start":{"line":200,"column":12},"end":{"line":null,"column":null}},"100":{"start":{"line":201,"column":12},"end":{"line":null,"column":null}},"101":{"start":{"line":203,"column":12},"end":{"line":null,"column":null}},"102":{"start":{"line":204,"column":20},"end":{"line":null,"column":null}},"103":{"start":{"line":206,"column":12},"end":{"line":null,"column":null}},"104":{"start":{"line":207,"column":30},"end":{"line":null,"column":null}},"105":{"start":{"line":209,"column":13},"end":{"line":null,"column":null}},"106":{"start":{"line":211,"column":22},"end":{"line":null,"column":null}},"107":{"start":{"line":212,"column":22},"end":{"line":null,"column":null}},"108":{"start":{"line":215,"column":20},"end":{"line":null,"column":null}},"109":{"start":{"line":217,"column":12},"end":{"line":null,"column":null}},"110":{"start":{"line":218,"column":20},"end":{"line":null,"column":null}},"111":{"start":{"line":220,"column":15},"end":{"line":null,"column":null}},"112":{"start":{"line":235,"column":12},"end":{"line":null,"column":null}},"113":{"start":{"line":236,"column":11},"end":{"line":null,"column":null}},"114":{"start":{"line":237,"column":11},"end":{"line":null,"column":null}},"115":{"start":{"line":239,"column":12},"end":{"line":null,"column":null}},"116":{"start":{"line":240,"column":11},"end":{"line":null,"column":null}},"117":{"start":{"line":242,"column":15},"end":{"line":null,"column":null}},"118":{"start":{"line":257,"column":12},"end":{"line":null,"column":null}},"119":{"start":{"line":258,"column":22},"end":{"line":null,"column":null}},"120":{"start":{"line":260,"column":13},"end":{"line":null,"column":null}},"121":{"start":{"line":262,"column":20},"end":{"line":null,"column":null}},"122":{"start":{"line":265,"column":13},"end":{"line":null,"column":null}},"123":{"start":{"line":267,"column":16},"end":{"line":null,"column":null}},"124":{"start":{"line":268,"column":16},"end":{"line":null,"column":null}},"125":{"start":{"line":269,"column":18},"end":{"line":null,"column":null}},"126":{"start":{"line":271,"column":20},"end":{"line":null,"column":null}},"127":{"start":{"line":274,"column":15},"end":{"line":null,"column":null}},"128":{"start":{"line":287,"column":12},"end":{"line":null,"column":null}},"129":{"start":{"line":288,"column":12},"end":{"line":null,"column":null}},"130":{"start":{"line":289,"column":12},"end":{"line":null,"column":null}},"131":{"start":{"line":290,"column":12},"end":{"line":null,"column":null}},"132":{"start":{"line":292,"column":13},"end":{"line":null,"column":null}},"133":{"start":{"line":295,"column":33},"end":{"line":null,"column":null}},"134":{"start":{"line":319,"column":12},"end":{"line":null,"column":null}},"135":{"start":{"line":320,"column":11},"end":{"line":null,"column":null}},"136":{"start":{"line":322,"column":16},"end":{"line":null,"column":null}},"137":{"start":{"line":324,"column":15},"end":{"line":null,"column":null}},"138":{"start":{"line":335,"column":17},"end":{"line":null,"column":null}},"139":{"start":{"line":0,"column":0},"end":{"line":0,"column":0},"skip":true},"140":{"start":{"line":337,"column":13},"end":{"line":null,"column":null}},"141":{"start":{"line":338,"column":13},"end":{"line":null,"column":null}},"142":{"start":{"line":339,"column":13},"end":{"line":null,"column":null}},"143":{"start":{"line":341,"column":13},"end":{"line":null,"column":null}},"144":{"start":{"line":342,"column":13},"end":{"line":null,"column":null}},"145":{"start":{"line":344,"column":13},"end":{"line":null,"column":null}},"146":{"start":{"line":346,"column":20},"end":{"line":null,"column":null}},"147":{"start":{"line":347,"column":16},"end":{"line":null,"column":null}},"148":{"start":{"line":349,"column":16},"end":{"line":null,"column":null}},"149":{"start":{"line":350,"column":16},"end":{"line":null,"column":null}},"150":{"start":{"line":351,"column":20},"end":{"line":null,"column":null}},"151":{"start":{"line":353,"column":16},"end":{"line":null,"column":null}},"152":{"start":{"line":354,"column":17},"end":{"line":null,"column":null}},"153":{"start":{"line":356,"column":19},"end":{"line":null,"column":null}},"154":{"start":{"line":359,"column":15},"end":{"line":null,"column":null}},"155":{"start":{"line":0,"column":0},"end":{"line":0,"column":0},"skip":true},"156":{"start":{"line":375,"column":12},"end":{"line":null,"column":null}},"157":{"start":{"line":377,"column":13},"end":{"line":null,"column":null}},"158":{"start":{"line":379,"column":16},"end":{"line":null,"column":null}},"159":{"start":{"line":382,"column":15},"end":{"line":null,"column":null}},"160":{"start":{"line":396,"column":25},"end":{"line":null,"column":null}},"161":{"start":{"line":398,"column":12},"end":{"line":null,"column":null}},"162":{"start":{"line":400,"column":13},"end":{"line":null,"column":null}},"163":{"start":{"line":402,"column":19},"end":{"line":null,"column":null}},"164":{"start":{"line":405,"column":12},"end":{"line":null,"column":null}},"165":{"start":{"line":406,"column":11},"end":{"line":null,"column":null}},"166":{"start":{"line":407,"column":12},"end":{"line":null,"column":null}},"167":{"start":{"line":409,"column":13},"end":{"line":null,"column":null}},"168":{"start":{"line":411,"column":19},"end":{"line":null,"column":null}},"169":{"start":{"line":414,"column":15},"end":{"line":null,"column":null}},"170":{"start":{"line":428,"column":27},"end":{"line":null,"column":null}},"171":{"start":{"line":430,"column":46},"end":{"line":null,"column":null}},"172":{"start":{"line":443,"column":12},"end":{"line":null,"column":null}},"173":{"start":{"line":444,"column":12},"end":{"line":null,"column":null}},"174":{"start":{"line":445,"column":12},"end":{"line":null,"column":null}},"175":{"start":{"line":446,"column":12},"end":{"line":null,"column":null}},"176":{"start":{"line":447,"column":12},"end":{"line":null,"column":null}},"177":{"start":{"line":449,"column":17},"end":{"line":null,"column":null}},"178":{"start":{"line":451,"column":16},"end":{"line":null,"column":null}},"179":{"start":{"line":453,"column":17},"end":{"line":null,"column":null}},"180":{"start":{"line":455,"column":34},"end":{"line":null,"column":null}},"181":{"start":{"line":456,"column":19},"end":{"line":null,"column":null}},"182":{"start":{"line":458,"column":24},"end":{"line":null,"column":null}},"183":{"start":{"line":460,"column":21},"end":{"line":null,"column":null}},"184":{"start":{"line":463,"column":19},"end":{"line":null,"column":null}},"185":{"start":{"line":466,"column":12},"end":{"line":null,"column":null}},"186":{"start":{"line":468,"column":13},"end":{"line":null,"column":null}},"187":{"start":{"line":469,"column":13},"end":{"line":null,"column":null}},"188":{"start":{"line":472,"column":13},"end":{"line":null,"column":null}},"189":{"start":{"line":474,"column":16},"end":{"line":null,"column":null}},"190":{"start":{"line":477,"column":14},"end":{"line":null,"column":null}},"191":{"start":{"line":477,"column":32},"end":{"line":null,"column":null}},"192":{"start":{"line":479,"column":15},"end":{"line":null,"column":null}},"193":{"start":{"line":492,"column":12},"end":{"line":null,"column":null}},"194":{"start":{"line":493,"column":11},"end":{"line":null,"column":null}},"195":{"start":{"line":494,"column":11},"end":{"line":null,"column":null}},"196":{"start":{"line":495,"column":11},"end":{"line":null,"column":null}},"197":{"start":{"line":496,"column":12},"end":{"line":null,"column":null}},"198":{"start":{"line":497,"column":11},"end":{"line":null,"column":null}},"199":{"start":{"line":501,"column":17},"end":{"line":null,"column":null}},"200":{"start":{"line":503,"column":15},"end":{"line":null,"column":null}},"201":{"start":{"line":516,"column":12},"end":{"line":null,"column":null}},"202":{"start":{"line":517,"column":12},"end":{"line":null,"column":null}},"203":{"start":{"line":519,"column":12},"end":{"line":null,"column":null}},"204":{"start":{"line":521,"column":13},"end":{"line":null,"column":null}},"205":{"start":{"line":523,"column":17},"end":{"line":null,"column":null}},"206":{"start":{"line":525,"column":25},"end":{"line":null,"column":null}},"207":{"start":{"line":527,"column":17},"end":{"line":null,"column":null}},"208":{"start":{"line":529,"column":28},"end":{"line":null,"column":null}},"209":{"start":{"line":0,"column":0},"end":{"line":0,"column":0},"skip":true},"210":{"start":{"line":536,"column":21},"end":{"line":null,"column":null}},"211":{"start":{"line":538,"column":19},"end":{"line":null,"column":null}},"212":{"start":{"line":541,"column":15},"end":{"line":null,"column":null}},"213":{"start":{"line":0,"column":0},"end":{"line":0,"column":0},"skip":true},"214":{"start":{"line":546,"column":0},"end":{"line":null,"column":null}},"215":{"start":{"line":548,"column":15},"end":{"line":null,"column":null}}},"branchMap":{"1":{"line":0,"type":"binary-expr","locations":[{"start":{"line":0,"column":0},"end":{"line":0,"column":0},"skip":true},{"start":{"line":0,"column":0},"end":{"line":0,"column":0},"skip":true}]},"2":{"line":0,"type":"if","locations":[{"start":{"line":0,"column":0},"end":{"line":0,"column":0},"skip":true},{"start":{"line":0,"column":0},"end":{"line":0,"column":0},"skip":true}]},"3":{"line":0,"type":"if","locations":[{"start":{"line":0,"column":0},"end":{"line":0,"column":0},"skip":true},{"start":{"line":0,"column":0},"end":{"line":0,"column":0},"skip":true}]},"4":{"line":0,"type":"if","locations":[{"start":{"line":0,"column":0},"end":{"line":0,"column":0},"skip":true},{"start":{"line":0,"column":0},"end":{"line":0,"column":0},"skip":true}]},"5":{"line":0,"type":"cond-expr","locations":[{"start":{"line":0,"column":0},"end":{"line":0,"column":0},"skip":true},{"start":{"line":0,"column":0},"end":{"line":0,"column":0},"skip":true}]},"6":{"line":0,"type":"binary-expr","locations":[{"start":{"line":0,"column":0},"end":{"line":0,"column":0},"skip":true},{"start":{"line":0,"column":0},"end":{"line":0,"column":0},"skip":true}]},"7":{"line":0,"type":"if","locations":[{"start":{"line":0,"column":0},"end":{"line":0,"column":0},"skip":true},{"start":{"line":0,"column":0},"end":{"line":0,"column":0},"skip":true}]},"8":{"line":73,"type":"binary-expr","locations":[{"start":{"line":73,"column":34},"end":{"line":73,"column":34}},{"start":{"line":73,"column":52},"end":{"line":73,"column":8}}]},"9":{"line":93,"type":"cond-expr","locations":[{"start":{"line":93,"column":33},"end":{"line":94,"column":4}},{"start":{"line":0,"column":0},"end":{"line":0,"column":0},"skip":true}]},"10":{"line":93,"type":"binary-expr","locations":[{"start":{"line":93,"column":33},"end":{"line":93,"column":33}},{"start":{"line":93,"column":33},"end":{"line":93,"column":33}}]},"11":{"line":97,"type":"if","locations":[{"start":{"line":97,"column":13},"end":{"line":97,"column":13}},{"start":{"line":97,"column":13},"end":{"line":97,"column":13}}]},"12":{"line":112,"type":"if","locations":[{"start":{"line":112,"column":13},"end":{"line":112,"column":13}},{"start":{"line":112,"column":13},"end":{"line":112,"column":13}}]},"13":{"line":143,"type":"cond-expr","locations":[{"start":{"line":143,"column":75},"end":{"line":144,"column":4}},{"start":{"line":0,"column":0},"end":{"line":0,"column":0},"skip":true}]},"14":{"line":143,"type":"binary-expr","locations":[{"start":{"line":143,"column":75},"end":{"line":143,"column":75}},{"start":{"line":143,"column":75},"end":{"line":143,"column":75}}]},"15":{"line":147,"type":"if","locations":[{"start":{"line":147,"column":13},"end":{"line":147,"column":13}},{"start":{"line":147,"column":13},"end":{"line":147,"column":13}}]},"16":{"line":147,"type":"binary-expr","locations":[{"start":{"line":147,"column":13},"end":{"line":147,"column":13}},{"start":{"line":147,"column":48},"end":{"line":147,"column":8}}]},"17":{"line":156,"type":"if","locations":[{"start":{"line":156,"column":17},"end":{"line":156,"column":17}},{"start":{"line":156,"column":17},"end":{"line":156,"column":17}}]},"18":{"line":160,"type":"if","locations":[{"start":{"line":160,"column":17},"end":{"line":160,"column":17}},{"start":{"line":160,"column":17},"end":{"line":160,"column":17}}]},"19":{"line":198,"type":"cond-expr","locations":[{"start":{"line":198,"column":41},"end":{"line":199,"column":4}},{"start":{"line":0,"column":0},"end":{"line":0,"column":0},"skip":true}]},"20":{"line":198,"type":"binary-expr","locations":[{"start":{"line":198,"column":41},"end":{"line":198,"column":41}},{"start":{"line":198,"column":41},"end":{"line":198,"column":41}}]},"21":{"line":209,"type":"if","locations":[{"start":{"line":209,"column":13},"end":{"line":209,"column":13}},{"start":{"line":209,"column":13},"end":{"line":209,"column":13}}]},"22":{"line":258,"type":"binary-expr","locations":[{"start":{"line":258,"column":22},"end":{"line":258,"column":31}},{"start":{"line":258,"column":31},"end":{"line":258,"column":8}}]},"23":{"line":260,"type":"if","locations":[{"start":{"line":260,"column":13},"end":{"line":260,"column":13}},{"start":{"line":260,"column":13},"end":{"line":260,"column":13}}]},"24":{"line":260,"type":"binary-expr","locations":[{"start":{"line":260,"column":13},"end":{"line":260,"column":13}},{"start":{"line":260,"column":39},"end":{"line":260,"column":8}}]},"25":{"line":265,"type":"if","locations":[{"start":{"line":265,"column":13},"end":{"line":265,"column":13}},{"start":{"line":265,"column":13},"end":{"line":265,"column":13}}]},"26":{"line":292,"type":"if","locations":[{"start":{"line":292,"column":13},"end":{"line":292,"column":13}},{"start":{"line":292,"column":13},"end":{"line":292,"column":13}}]},"27":{"line":344,"type":"if","locations":[{"start":{"line":344,"column":13},"end":{"line":344,"column":13}},{"start":{"line":344,"column":13},"end":{"line":344,"column":13}}]},"28":{"line":377,"type":"if","locations":[{"start":{"line":377,"column":13},"end":{"line":377,"column":13}},{"start":{"line":377,"column":13},"end":{"line":377,"column":13}}]},"29":{"line":396,"type":"cond-expr","locations":[{"start":{"line":396,"column":29},"end":{"line":397,"column":4}},{"start":{"line":0,"column":0},"end":{"line":0,"column":0},"skip":true}]},"30":{"line":396,"type":"binary-expr","locations":[{"start":{"line":396,"column":29},"end":{"line":396,"column":29}},{"start":{"line":396,"column":29},"end":{"line":396,"column":29}}]},"31":{"line":400,"type":"if","locations":[{"start":{"line":400,"column":13},"end":{"line":400,"column":13}},{"start":{"line":400,"column":13},"end":{"line":400,"column":13}}]},"32":{"line":409,"type":"if","locations":[{"start":{"line":409,"column":13},"end":{"line":409,"column":13}},{"start":{"line":409,"column":13},"end":{"line":409,"column":13}}]},"33":{"line":409,"type":"binary-expr","locations":[{"start":{"line":409,"column":13},"end":{"line":409,"column":37}},{"start":{"line":409,"column":37},"end":{"line":409,"column":8}}]},"34":{"line":428,"type":"cond-expr","locations":[{"start":{"line":428,"column":39},"end":{"line":429,"column":4}},{"start":{"line":0,"column":0},"end":{"line":0,"column":0},"skip":true}]},"35":{"line":428,"type":"binary-expr","locations":[{"start":{"line":428,"column":39},"end":{"line":428,"column":39}},{"start":{"line":428,"column":39},"end":{"line":428,"column":39}}]},"36":{"line":453,"type":"if","locations":[{"start":{"line":453,"column":17},"end":{"line":453,"column":17}},{"start":{"line":453,"column":17},"end":{"line":453,"column":17}}]},"37":{"line":468,"type":"binary-expr","locations":[{"start":{"line":468,"column":34},"end":{"line":468,"column":41}},{"start":{"line":468,"column":41},"end":{"line":468,"column":19}}]},"38":{"line":472,"type":"if","locations":[{"start":{"line":472,"column":13},"end":{"line":472,"column":13}},{"start":{"line":472,"column":13},"end":{"line":472,"column":13}}]},"39":{"line":498,"type":"cond-expr","locations":[{"start":{"line":498,"column":28},"end":{"line":497,"column":26}},{"start":{"line":499,"column":33},"end":{"line":497,"column":8}}]},"40":{"line":521,"type":"if","locations":[{"start":{"line":521,"column":13},"end":{"line":521,"column":13}},{"start":{"line":521,"column":13},"end":{"line":521,"column":13}}]},"41":{"line":523,"type":"if","locations":[{"start":{"line":523,"column":17},"end":{"line":523,"column":17}},{"start":{"line":523,"column":17},"end":{"line":523,"column":17}}]},"42":{"line":527,"type":"if","locations":[{"start":{"line":527,"column":17},"end":{"line":527,"column":17}},{"start":{"line":527,"column":17},"end":{"line":527,"column":17}}]}}}}