TN:
SF:/Library/WebServer/Documents/widget/src/version.js
FNF:0
FNH:0
DA:1,1
LF:1
LH:1
BRF:0
BRH:0
end_of_record
TN:
SF:/Library/WebServer/Documents/widget/src/baseWidget.js
FN:31,attach
FN:41,(anonymous_8)
FN:67,checkTarget
FN:114,StylaWidget
FN:148,(anonymous_11)
FN:167,destroy
FN:170,(anonymous_13)
FNF:7
FNH:3
FNDA:0,attach
FNDA:0,(anonymous_8)
FNDA:1,checkTarget
FNDA:1,StylaWidget
FNDA:1,(anonymous_11)
FNDA:0,destroy
FNDA:0,(anonymous_13)
DA:11,1
DA:12,1
DA:13,1
DA:15,1
DA:17,1
DA:18,1
DA:20,1
DA:30,0
DA:32,0
DA:34,0
DA:35,0
DA:37,0
DA:39,0
DA:41,0
DA:43,0
DA:46,0
DA:48,0
DA:51,0
DA:52,0
DA:55,0
DA:69,1
DA:71,0
DA:74,1
DA:76,0
DA:77,0
DA:79,1
DA:84,1
DA:98,1
DA:99,1
DA:100,1
DA:101,1
DA:102,1
DA:103,1
DA:104,1
DA:105,1
DA:106,1
DA:107,1
DA:108,1
DA:109,1
DA:110,1
DA:111,1
DA:112,1
DA:113,1
DA:114,1
DA:115,1
DA:117,1
DA:122,1
DA:123,1
DA:124,1
DA:125,1
DA:126,1
DA:127,1
DA:128,1
DA:130,1
DA:132,1
DA:133,1
DA:134,1
DA:135,1
DA:136,1
DA:137,1
DA:138,1
DA:139,1
DA:140,1
DA:141,1
DA:143,1
DA:146,1
DA:148,1
DA:150,1
DA:153,1
DA:155,1
DA:168,0
DA:170,0
DA:172,0
DA:173,0
DA:175,0
DA:177,0
DA:181,0
DA:185,1
DA:187,1
DA:189,1
DA:191,1
LF:81
LH:58
BRDA:30,8,0,0
BRDA:30,8,1,0
BRDA:30,9,0,0
BRDA:30,9,1,0
BRDA:37,10,0,0
BRDA:37,10,1,0
BRDA:46,11,0,0
BRDA:46,11,1,0
BRDA:69,12,0,0
BRDA:69,12,1,1
BRDA:74,13,0,0
BRDA:74,13,1,1
BRDA:74,14,0,1
BRDA:74,14,1,1
BRDA:79,15,0,0
BRDA:79,15,1,1
BRDA:113,16,0,0
BRDA:113,16,1,1
BRDA:113,17,0,1
BRDA:113,17,1,1
BRDA:98,18,0,1
BRDA:98,18,1,0
BRDA:99,19,0,0
BRDA:99,19,1,1
BRDA:100,20,0,1
BRDA:100,20,1,0
BRDA:101,21,0,1
BRDA:101,21,1,0
BRDA:102,22,0,1
BRDA:102,22,1,0
BRDA:103,23,0,1
BRDA:103,23,1,0
BRDA:104,24,0,1
BRDA:104,24,1,0
BRDA:105,25,0,1
BRDA:105,25,1,0
BRDA:106,26,0,1
BRDA:106,26,1,0
BRDA:107,27,0,1
BRDA:107,27,1,0
BRDA:108,28,0,1
BRDA:108,28,1,0
BRDA:109,29,0,0
BRDA:109,29,1,1
BRDA:110,30,0,1
BRDA:110,30,1,0
BRDA:111,31,0,0
BRDA:111,31,1,1
BRDA:112,32,0,1
BRDA:112,32,1,0
BRDA:117,33,0,0
BRDA:117,33,1,1
BRDA:130,34,0,0
BRDA:130,34,1,1
BRDA:143,35,0,0
BRDA:143,35,1,1
BRDA:148,36,0,1
BRDA:148,36,1,1
BRDA:175,37,0,0
BRDA:175,37,1,0
BRF:60
BRH:41
end_of_record
TN:
SF:/Library/WebServer/Documents/widget/src/classes.js
FNF:0
FNH:0
DA:7,1
LF:1
LH:1
BRF:0
BRH:0
end_of_record
TN:
SF:/Library/WebServer/Documents/widget/src/build.js
FN:20,_reportError
FN:35,buildHeadline
FN:61,buildImage
FN:94,buildStories
FN:116,(anonymous_11)
FN:144,buildStory
FN:198,buildStoryText
FN:233,buildStyleTag
FN:255,buildTitle
FN:286,compileStyles
FN:335,Build
FN:373,create
FN:396,getDescription
FN:428,getImageUrl
FN:441,includeBaseStyles
FN:449,_addBaseStyle
FN:477,(anonymous_23)
FN:491,includeFonts
FN:515,setDomain
FNF:19
FNH:19
FNDA:0,_reportError
FNDA:17,buildHeadline
FNDA:15,buildImage
FNDA:4,buildStories
FNDA:50,(anonymous_11)
FNDA:15,buildStory
FNDA:16,buildStoryText
FNDA:7,buildStyleTag
FNDA:3,buildTitle
FNDA:4,compileStyles
FNDA:3,Build
FNDA:163,create
FNDA:21,getDescription
FNDA:17,getImageUrl
FNDA:5,includeBaseStyles
FNDA:10,_addBaseStyle
FNDA:14,(anonymous_23)
FNDA:6,includeFonts
FNDA:7,setDomain
DA:8,1
DA:9,1
DA:15,1
DA:16,1
DA:17,1
DA:20,1
DA:23,1
DA:37,17
DA:38,17
DA:39,17
DA:41,17
DA:43,17
DA:45,17
DA:63,15
DA:64,15
DA:65,15
DA:66,15
DA:67,15
DA:69,15
DA:71,15
DA:72,15
DA:73,15
DA:74,15
DA:76,15
DA:78,15
DA:93,4
DA:95,4
DA:97,4
DA:102,3
DA:103,3
DA:104,3
DA:105,3
DA:106,3
DA:108,3
DA:110,3
DA:112,3
DA:114,2
DA:116,50
DA:117,2
DA:119,2
DA:120,2
DA:122,2
DA:123,2
DA:125,2
DA:128,1
DA:143,15
DA:145,15
DA:147,15
DA:149,14
DA:151,14
DA:152,14
DA:154,14
DA:156,14
DA:158,1
DA:160,13
DA:162,1
DA:165,14
DA:167,14
DA:168,14
DA:170,14
DA:171,14
DA:173,14
DA:174,14
DA:176,14
DA:180,1
DA:182,1
DA:198,16
DA:200,16
DA:201,16
DA:203,16
DA:204,16
DA:206,16
DA:207,16
DA:209,16
DA:211,15
DA:212,15
DA:215,16
DA:217,16
DA:218,16
DA:220,16
DA:235,7
DA:236,7
DA:237,7
DA:239,7
DA:240,7
DA:242,7
DA:257,3
DA:258,3
DA:260,3
DA:262,1
DA:265,3
DA:267,1
DA:268,1
DA:269,1
DA:271,1
DA:274,3
DA:287,4
DA:288,4
DA:289,4
DA:290,4
DA:292,4
DA:295,3
DA:319,4
DA:320,4
DA:322,4
DA:324,4
DA:335,1
DA:337,3
DA:338,3
DA:339,3
DA:341,3
DA:342,3
DA:344,3
DA:346,1
DA:347,1
DA:349,1
DA:350,1
DA:351,1
DA:353,1
DA:354,1
DA:356,1
DA:359,2
DA:375,163
DA:377,163
DA:379,144
DA:382,163
DA:396,21
DA:398,21
DA:400,21
DA:402,2
DA:405,19
DA:406,19
DA:407,19
DA:409,19
DA:411,3
DA:414,16
DA:428,17
DA:430,17
DA:443,5
DA:444,5
DA:445,5
DA:446,5
DA:447,5
DA:449,1
DA:451,10
DA:453,10
DA:455,2
DA:456,2
DA:458,2
DA:460,2
DA:463,10
DA:466,5
DA:468,5
DA:469,5
DA:472,5
DA:474,4
DA:477,14
DA:479,5
DA:492,6
DA:493,6
DA:494,6
DA:495,6
DA:496,6
DA:497,6
DA:501,6
DA:503,6
DA:516,7
DA:517,6
DA:519,6
DA:521,6
DA:523,2
DA:525,1
DA:527,1
DA:529,1
DA:536,2
DA:538,2
DA:541,4
DA:546,1
DA:548,1
LF:179
LH:179
BRDA:73,8,0,15
BRDA:73,8,1,5
BRDA:93,9,0,1
BRDA:93,9,1,3
BRDA:93,10,0,4
BRDA:93,10,1,3
BRDA:97,11,0,1
BRDA:97,11,1,3
BRDA:112,12,0,2
BRDA:112,12,1,1
BRDA:143,13,0,3
BRDA:143,13,1,12
BRDA:143,14,0,15
BRDA:143,14,1,12
BRDA:147,15,0,14
BRDA:147,15,1,1
BRDA:147,16,0,15
BRDA:147,16,1,15
BRDA:156,17,0,1
BRDA:156,17,1,13
BRDA:160,18,0,1
BRDA:160,18,1,12
BRDA:198,19,0,1
BRDA:198,19,1,15
BRDA:198,20,0,16
BRDA:198,20,1,15
BRDA:209,21,0,15
BRDA:209,21,1,1
BRDA:258,22,0,3
BRDA:258,22,1,2
BRDA:260,23,0,1
BRDA:260,23,1,2
BRDA:260,24,0,3
BRDA:260,24,1,1
BRDA:265,25,0,1
BRDA:265,25,1,2
BRDA:292,26,0,3
BRDA:292,26,1,1
BRDA:344,27,0,1
BRDA:344,27,1,2
BRDA:377,28,0,144
BRDA:377,28,1,19
BRDA:396,29,0,17
BRDA:396,29,1,4
BRDA:396,30,0,21
BRDA:396,30,1,4
BRDA:400,31,0,2
BRDA:400,31,1,19
BRDA:409,32,0,3
BRDA:409,32,1,16
BRDA:409,33,0,19
BRDA:409,33,1,16
BRDA:428,34,0,1
BRDA:428,34,1,16
BRDA:428,35,0,17
BRDA:428,35,1,16
BRDA:453,36,0,2
BRDA:453,36,1,8
BRDA:468,37,0,5
BRDA:468,37,1,3
BRDA:472,38,0,4
BRDA:472,38,1,1
BRDA:498,39,0,5
BRDA:498,39,1,1
BRDA:521,40,0,2
BRDA:521,40,1,4
BRDA:523,41,0,1
BRDA:523,41,1,1
BRDA:527,42,0,1
BRDA:527,42,1,0
BRF:70
BRH:69
end_of_record
