TN:
SF:/Library/WebServer/Documents/widget/src/build.js
FN:18,_reportError
FN:33,buildHeadline
FN:59,buildImage
FN:91,buildStories
FN:114,(anonymous_11)
FN:140,buildStory
FN:194,buildStoryText
FN:229,buildStyleTag
FN:251,buildTitle
FN:282,compileStyles
FN:331,Build
FN:369,create
FN:392,getDescription
FN:424,getImageUrl
FN:437,includeBaseStyles
FN:445,_addBaseStyle
FN:473,(anonymous_23)
FN:487,includeFonts
FN:511,setDomain
FNF:19
FNH:18
FNDA:0,_reportError
FNDA:13,buildHeadline
FNDA:13,buildImage
FNDA:2,buildStories
FNDA:50,(anonymous_11)
FNDA:13,buildStory
FNDA:12,buildStoryText
FNDA:4,buildStyleTag
FNDA:2,buildTitle
FNDA:2,compileStyles
FNDA:2,Build
FNDA:128,create
FNDA:14,getDescription
FNDA:13,getImageUrl
FNDA:2,includeBaseStyles
FNDA:4,_addBaseStyle
FNDA:6,(anonymous_23)
FNDA:2,includeFonts
FNDA:2,setDomain
DA:8,1
DA:9,1
DA:15,1
DA:16,1
DA:17,1
DA:18,1
DA:21,1
DA:35,13
DA:36,13
DA:37,13
DA:39,13
DA:41,13
DA:43,13
DA:61,13
DA:62,13
DA:63,13
DA:64,13
DA:65,13
DA:67,13
DA:69,13
DA:70,13
DA:71,13
DA:72,13
DA:74,13
DA:76,13
DA:93,2
DA:95,2
DA:100,2
DA:101,2
DA:102,2
DA:103,2
DA:104,2
DA:106,2
DA:108,2
DA:110,2
DA:112,2
DA:114,50
DA:115,2
DA:117,2
DA:118,2
DA:120,2
DA:121,2
DA:123,2
DA:139,13
DA:141,13
DA:143,13
DA:145,12
DA:147,12
DA:148,12
DA:150,12
DA:152,12
DA:154,0
DA:156,12
DA:158,0
DA:161,12
DA:163,12
DA:164,12
DA:166,12
DA:167,12
DA:169,12
DA:170,12
DA:172,12
DA:176,1
DA:178,1
DA:196,12
DA:197,12
DA:199,12
DA:200,12
DA:202,12
DA:203,12
DA:205,12
DA:207,12
DA:208,12
DA:211,12
DA:213,12
DA:214,12
DA:216,12
DA:231,4
DA:232,4
DA:233,4
DA:235,4
DA:236,4
DA:238,4
DA:253,2
DA:254,2
DA:256,2
DA:258,0
DA:261,2
DA:263,0
DA:264,0
DA:265,0
DA:267,0
DA:270,2
DA:283,2
DA:284,2
DA:285,2
DA:286,2
DA:288,2
DA:291,2
DA:315,2
DA:316,2
DA:318,2
DA:320,2
DA:331,1
DA:333,2
DA:334,2
DA:335,2
DA:337,2
DA:338,2
DA:340,2
DA:342,1
DA:343,1
DA:345,1
DA:346,1
DA:347,1
DA:349,1
DA:350,1
DA:352,1
DA:355,1
DA:371,128
DA:373,128
DA:375,114
DA:378,128
DA:392,14
DA:394,14
DA:396,14
DA:398,0
DA:401,14
DA:402,14
DA:403,14
DA:405,14
DA:407,2
DA:410,12
DA:424,13
DA:426,13
DA:439,2
DA:440,2
DA:441,2
DA:442,2
DA:443,2
DA:445,1
DA:447,4
DA:449,4
DA:451,2
DA:452,2
DA:454,2
DA:456,2
DA:459,4
DA:462,2
DA:464,2
DA:465,2
DA:468,2
DA:470,2
DA:473,6
DA:475,2
DA:488,2
DA:489,2
DA:490,2
DA:491,2
DA:492,2
DA:493,2
DA:497,2
DA:499,2
DA:512,2
DA:513,2
DA:515,2
DA:517,2
DA:519,1
DA:521,0
DA:523,1
DA:525,1
DA:532,1
DA:534,1
DA:540,1
DA:542,1
LF:175
LH:166
BRDA:71,8,0,13
BRDA:71,8,1,5
BRDA:93,9,0,2
BRDA:93,9,1,1
BRDA:95,10,0,0
BRDA:95,10,1,2
BRDA:110,11,0,2
BRDA:110,11,1,0
BRDA:139,12,0,1
BRDA:139,12,1,12
BRDA:139,13,0,13
BRDA:139,13,1,12
BRDA:143,14,0,12
BRDA:143,14,1,1
BRDA:143,15,0,13
BRDA:143,15,1,13
BRDA:152,16,0,0
BRDA:152,16,1,12
BRDA:156,17,0,0
BRDA:156,17,1,12
BRDA:205,18,0,12
BRDA:205,18,1,0
BRDA:254,19,0,2
BRDA:254,19,1,2
BRDA:256,20,0,0
BRDA:256,20,1,2
BRDA:256,21,0,2
BRDA:256,21,1,0
BRDA:261,22,0,0
BRDA:261,22,1,2
BRDA:288,23,0,2
BRDA:288,23,1,0
BRDA:340,24,0,1
BRDA:340,24,1,1
BRDA:373,25,0,114
BRDA:373,25,1,14
BRDA:392,26,0,12
BRDA:392,26,1,2
BRDA:392,27,0,14
BRDA:392,27,1,2
BRDA:396,28,0,0
BRDA:396,28,1,14
BRDA:405,29,0,2
BRDA:405,29,1,12
BRDA:405,30,0,14
BRDA:405,30,1,12
BRDA:424,31,0,0
BRDA:424,31,1,13
BRDA:424,32,0,13
BRDA:424,32,1,13
BRDA:449,33,0,2
BRDA:449,33,1,2
BRDA:464,34,0,2
BRDA:464,34,1,2
BRDA:468,35,0,2
BRDA:468,35,1,0
BRDA:494,36,0,2
BRDA:494,36,1,0
BRDA:517,37,0,1
BRDA:517,37,1,1
BRDA:519,38,0,0
BRDA:519,38,1,1
BRDA:523,39,0,1
BRDA:523,39,1,0
BRF:64
BRH:49
end_of_record
TN:
SF:/Library/WebServer/Documents/widget/src/classes.js
FNF:0
FNH:0
DA:7,1
LF:1
LH:1
BRF:0
BRH:0
end_of_record
TN:
SF:/Library/WebServer/Documents/widget/src/baseWidget.js
FN:31,attach
FN:41,(anonymous_8)
FN:67,checkTarget
FN:114,StylaWidget
FN:149,(anonymous_11)
FN:167,destroy
FN:170,(anonymous_13)
FNF:7
FNH:3
FNDA:0,attach
FNDA:0,(anonymous_8)
FNDA:1,checkTarget
FNDA:1,StylaWidget
FNDA:1,(anonymous_11)
FNDA:0,destroy
FNDA:0,(anonymous_13)
DA:11,1
DA:12,1
DA:13,1
DA:15,1
DA:17,1
DA:18,1
DA:20,1
DA:30,0
DA:32,0
DA:34,0
DA:35,0
DA:37,0
DA:39,0
DA:41,0
DA:43,0
DA:46,0
DA:48,0
DA:51,0
DA:52,0
DA:55,0
DA:69,1
DA:71,0
DA:74,1
DA:76,0
DA:77,0
DA:79,1
DA:84,1
DA:98,1
DA:99,1
DA:100,1
DA:101,1
DA:102,1
DA:103,1
DA:104,1
DA:105,1
DA:106,1
DA:107,1
DA:108,1
DA:109,1
DA:110,1
DA:111,1
DA:112,1
DA:113,1
DA:114,1
DA:115,1
DA:117,1
DA:122,1
DA:123,1
DA:124,1
DA:125,1
DA:126,1
DA:127,1
DA:128,1
DA:130,1
DA:132,1
DA:133,1
DA:134,1
DA:135,1
DA:136,1
DA:137,1
DA:138,1
DA:139,1
DA:140,1
DA:141,1
DA:142,1
DA:144,1
DA:147,1
DA:149,1
DA:151,1
DA:155,1
DA:168,0
DA:170,0
DA:172,0
DA:173,0
DA:175,0
DA:177,0
DA:181,0
DA:185,1
DA:187,1
DA:190,1
LF:80
LH:57
BRDA:30,8,0,0
BRDA:30,8,1,0
BRDA:30,9,0,0
BRDA:30,9,1,0
BRDA:37,10,0,0
BRDA:37,10,1,0
BRDA:46,11,0,0
BRDA:46,11,1,0
BRDA:69,12,0,0
BRDA:69,12,1,1
BRDA:74,13,0,0
BRDA:74,13,1,1
BRDA:74,14,0,1
BRDA:74,14,1,1
BRDA:79,15,0,0
BRDA:79,15,1,1
BRDA:113,16,0,0
BRDA:113,16,1,1
BRDA:113,17,0,1
BRDA:113,17,1,1
BRDA:98,18,0,1
BRDA:98,18,1,0
BRDA:99,19,0,1
BRDA:99,19,1,0
BRDA:100,20,0,1
BRDA:100,20,1,0
BRDA:101,21,0,1
BRDA:101,21,1,0
BRDA:102,22,0,1
BRDA:102,22,1,0
BRDA:103,23,0,1
BRDA:103,23,1,0
BRDA:104,24,0,1
BRDA:104,24,1,0
BRDA:105,25,0,1
BRDA:105,25,1,0
BRDA:106,26,0,1
BRDA:106,26,1,0
BRDA:107,27,0,1
BRDA:107,27,1,0
BRDA:108,28,0,1
BRDA:108,28,1,0
BRDA:109,29,0,0
BRDA:109,29,1,1
BRDA:110,30,0,1
BRDA:110,30,1,0
BRDA:111,31,0,0
BRDA:111,31,1,1
BRDA:112,32,0,1
BRDA:112,32,1,0
BRDA:117,33,0,0
BRDA:117,33,1,1
BRDA:130,34,0,0
BRDA:130,34,1,1
BRDA:144,35,0,0
BRDA:144,35,1,1
BRDA:149,36,0,1
BRDA:149,36,1,1
BRDA:175,37,0,0
BRDA:175,37,1,0
BRF:60
BRH:42
end_of_record
TN:
SF:/Library/WebServer/Documents/widget/src/version.js
FNF:0
FNH:0
DA:1,1
LF:1
LH:1
BRF:0
BRH:0
end_of_record
